Added Component: Designator=AMS1117(SOT-223)
Add component. Clean all parameters for all variants
Added Component: Designator=C1(C0603)
Add component. Clean all parameters for all variants
Added Component: Designator=C2(C0603)
Add component. Clean all parameters for all variants
Added Component: Designator=C3(X0603)
Add component. Clean all parameters for all variants
Added Component: Designator=C4(X0603)
Add component. Clean all parameters for all variants
Added Component: Designator=C5(X0603)
Add component. Clean all parameters for all variants
Added Component: Designator=C6(X0603)
Add component. Clean all parameters for all variants
Added Component: Designator=C7(X0603)
Add component. Clean all parameters for all variants
Added Component: Designator=C8(X0603)
Add component. Clean all parameters for all variants
Added Component: Designator=C9(X0603)
Add component. Clean all parameters for all variants
Added Component: Designator=CON1(B2B_0D50_60P_28377)
Add component. Clean all parameters for all variants
Add component (AddParameter): Name = "Color"; Value = "Default"; VariantName = "[No Variations]"
Add component (AddParameter): Name = "Graphic"; Value = "B2B_COMBINEA.Normal"; VariantName = "[No Variations]"
Add component (AddParameter): Name = "Implementation"; Value = ""; VariantName = "[No Variations]"
Add component (AddParameter): Name = "Implementation Path"; Value = ""; VariantName = "[No Variations]"
Add component (AddParameter): Name = "Implementation Type"; Value = "<none>"; VariantName = "[No Variations]"
Add component (AddParameter): Name = "Location X-Coordinate"; Value = "0"; VariantName = "[No Variations]"
Add component (AddParameter): Name = "Location Y-Coordinate"; Value = "0"; VariantName = "[No Variations]"
Add component (AddParameter): Name = "Manufacturer"; Value = "Á¬¿Æ"; VariantName = "[No Variations]"
Add component (AddParameter): Name = "Name"; Value = "I16800166"; VariantName = "[No Variations]"
Add component (AddParameter): Name = "Power Pins Visible"; Value = "False"; VariantName = "[No Variations]"
Add component (AddParameter): Name = "Primitive"; Value = "DEFAULT"; VariantName = "[No Variations]"
Add component (AddParameter): Name = "remark"; Value = ""; VariantName = "[No Variations]"
Add component (AddParameter): Name = "Source Library"; Value = "E:\TRONLONG\PRODUCT\TMS320F28377R\HARDWARE\A2\SOM\SCH\LIBRARY2.OLB"; VariantName = "[No Variations]"
Add component (AddParameter): Name = "Source Package"; Value = "B2B_COMBINE"; VariantName = "[No Variations]"
Add component (AddParameter): Name = "Source Part"; Value = "B2B_COMBINEA.Normal"; VariantName = "[No Variations]"
Add component (AddParameter): Name = "SPLIT_INST"; Value = "TRUE"; VariantName = "[No Variations]"
Add component (AddParameter): Name = "SWAP_INFO"; Value = "(S1+S2+S3+S4)"; VariantName = "[No Variations]"
Added Component: Designator=D1(IN5819)
Add component. Clean all parameters for all variants
Added Component: Designator=D2(IN5819)
Add component. Clean all parameters for all variants
Added Component: Designator=D3(IN5819)
Add component. Clean all parameters for all variants
Added Component: Designator=D4(B340A)
Add component. Clean all parameters for all variants
Added Component: Designator=D5(B340A)
Add component. Clean all parameters for all variants
Added Component: Designator=G1(GH4P)
Add component. Clean all parameters for all variants
Added Component: Designator=G2(GH4P)
Add component. Clean all parameters for all variants
Added Component: Designator=G3(GH4P)
Add component. Clean all parameters for all variants
Added Component: Designator=G4(GH4P)
Add component. Clean all parameters for all variants
Added Component: Designator=JTAG(CON2X7PA_2-54MM-N6)
Add component. Clean all parameters for all variants
Added Component: Designator=L1(L)
Add component. Clean all parameters for all variants
Added Component: Designator=LINGXIAO(LINGXIAO)
Add component. Clean all parameters for all variants
Added Component: Designator=PH2.0(PH2.0)
Add component. Clean all parameters for all variants
Added Component: Designator=PWM4(PWM4P)
Add component. Clean all parameters for all variants
Added Component: Designator=R1(X0603)
Add component. Clean all parameters for all variants
Added Component: Designator=R2(X0603)
Add component. Clean all parameters for all variants
Added Component: Designator=R3(X0603)
Add component. Clean all parameters for all variants
Added Component: Designator=R4(X0603)
Add component. Clean all parameters for all variants
Added Component: Designator=R5(X0603)
Add component. Clean all parameters for all variants
Added Component: Designator=R6(X0603)
Add component. Clean all parameters for all variants
Added Component: Designator=R7(X0603)
Add component. Clean all parameters for all variants
Added Component: Designator=R8(X0603)
Add component. Clean all parameters for all variants
Added Component: Designator=R9(X0603)
Add component. Clean all parameters for all variants
Added Component: Designator=R10(X0603)
Add component. Clean all parameters for all variants
Added Component: Designator=R11(X0603)
Add component. Clean all parameters for all variants
Added Component: Designator=R12(X0603)
Add component. Clean all parameters for all variants
Added Component: Designator=R13(X0603)
Add component. Clean all parameters for all variants
Added Component: Designator=R14(X0603)
Add component. Clean all parameters for all variants
Added Component: Designator=R15(X0603)
Add component. Clean all parameters for all variants
Added Component: Designator=R16(X0603)
Add component. Clean all parameters for all variants
Added Component: Designator=R17(X0603)
Add component. Clean all parameters for all variants
Added Component: Designator=R18(X0603)
Add component. Clean all parameters for all variants
Added Component: Designator=R19(X0603)
Add component. Clean all parameters for all variants
Added Component: Designator=R20(X0603)
Add component. Clean all parameters for all variants
Added Component: Designator=R21(X0603)
Add component. Clean all parameters for all variants
Added Component: Designator=R22(X0603)
Add component. Clean all parameters for all variants
Added Component: Designator=R23(X0603)
Add component. Clean all parameters for all variants
Added Component: Designator=R24(X0603)
Add component. Clean all parameters for all variants
Added Component: Designator=R25(X0603)
Add component. Clean all parameters for all variants
Added Component: Designator=RGB(RGB)
Add component. Clean all parameters for all variants
Added Component: Designator=S1(SI2310)
Add component. Clean all parameters for all variants
Added Component: Designator=S2(SI2310)
Add component. Clean all parameters for all variants
Added Component: Designator=S3(SI2310)
Add component. Clean all parameters for all variants
Added Component: Designator=S4(SI2310)
Add component. Clean all parameters for all variants
Added Component: Designator=SD(sd)
Add component. Clean all parameters for all variants
Added Component: Designator=T1(T100UF)
Add component. Clean all parameters for all variants
Added Component: Designator=T2(T10UF)
Add component. Clean all parameters for all variants
Added Component: Designator=T3(T47UF)
Add component. Clean all parameters for all variants
Added Component: Designator=TG1(GH3P)
Add component. Clean all parameters for all variants
Added Component: Designator=TPS5430(TPS5430)
Add component. Clean all parameters for all variants
Added Component: Designator=USB(USB)
Add component. Clean all parameters for all variants
Added Pin To Net: NetName=3.3V Pin=AMS1117-2
Added Pin To Net: NetName=3.3V Pin=AMS1117-4
Added Pin To Net: NetName=3.3V Pin=C4-2
Added Pin To Net: NetName=3.3V Pin=C6-2
Added Pin To Net: NetName=3.3V Pin=C7-2
Added Pin To Net: NetName=3.3V Pin=C8-2
Added Pin To Net: NetName=3.3V Pin=C9-2
Added Pin To Net: NetName=3.3V Pin=D5-K
Added Pin To Net: NetName=3.3V Pin=JTAG-5
Added Pin To Net: NetName=3.3V Pin=R18-2
Added Pin To Net: NetName=3.3V Pin=R19-2
Added Pin To Net: NetName=3.3V Pin=R20-2
Added Pin To Net: NetName=3.3V Pin=R21-1
Added Pin To Net: NetName=3.3V Pin=R22-1
Added Pin To Net: NetName=3.3V Pin=R24-1
Added Pin To Net: NetName=3.3V Pin=R25-2
Added Pin To Net: NetName=3.3V Pin=SD-4
Added Net: Name=3.3V
Added Pin To Net: NetName=5V Pin=AMS1117-3
Added Pin To Net: NetName=5V Pin=C3-2
Added Pin To Net: NetName=5V Pin=C5-2
Added Pin To Net: NetName=5V Pin=CON1-C2
Added Pin To Net: NetName=5V Pin=CON1-C4
Added Pin To Net: NetName=5V Pin=CON1-C6
Added Pin To Net: NetName=5V Pin=CON1-C8
Added Pin To Net: NetName=5V Pin=CON1-C10
Added Pin To Net: NetName=5V Pin=D3-1
Added Pin To Net: NetName=5V Pin=D4-K
Added Pin To Net: NetName=5V Pin=G1-4
Added Pin To Net: NetName=5V Pin=G2-1
Added Pin To Net: NetName=5V Pin=G3-1
Added Pin To Net: NetName=5V Pin=G4-1
Added Pin To Net: NetName=5V Pin=LINGXIAO-2
Added Pin To Net: NetName=5V Pin=R15-2
Added Pin To Net: NetName=5V Pin=RGB-1
Added Pin To Net: NetName=5V Pin=RGB-3
Added Pin To Net: NetName=5V Pin=RGB-5
Added Pin To Net: NetName=5V Pin=TG1-2
Added Pin To Net: NetName=5V Pin=USB-1
Added Net: Name=5V
Added Pin To Net: NetName=CLK Pin=CON1-A57
Added Pin To Net: NetName=CLK Pin=R20-1
Added Pin To Net: NetName=CLK Pin=SD-5
Added Net: Name=CLK
Added Pin To Net: NetName=DM Pin=LINGXIAO-3
Added Pin To Net: NetName=DM Pin=USB-2
Added Net: Name=DM
Added Pin To Net: NetName=DP Pin=LINGXIAO-4
Added Pin To Net: NetName=DP Pin=USB-3
Added Net: Name=DP
Added Pin To Net: NetName=GND Pin=AMS1117-1
Added Pin To Net: NetName=GND Pin=C2-1
Added Pin To Net: NetName=GND Pin=C3-1
Added Pin To Net: NetName=GND Pin=C4-1
Added Pin To Net: NetName=GND Pin=C5-1
Added Pin To Net: NetName=GND Pin=C6-1
Added Pin To Net: NetName=GND Pin=C7-1
Added Pin To Net: NetName=GND Pin=C8-1
Added Pin To Net: NetName=GND Pin=C9-1
Added Pin To Net: NetName=GND Pin=CON1-A2
Added Pin To Net: NetName=GND Pin=CON1-A52
Added Pin To Net: NetName=GND Pin=CON1-A60
Added Pin To Net: NetName=GND Pin=CON1-B26
Added Pin To Net: NetName=GND Pin=CON1-B40
Added Pin To Net: NetName=GND Pin=CON1-B45
Added Pin To Net: NetName=GND Pin=CON1-B53
Added Pin To Net: NetName=GND Pin=CON1-B60
Added Pin To Net: NetName=GND Pin=CON1-C12
Added Pin To Net: NetName=GND Pin=CON1-C14
Added Pin To Net: NetName=GND Pin=CON1-C28
Added Pin To Net: NetName=GND Pin=CON1-C34
Added Pin To Net: NetName=GND Pin=CON1-C40
Added Pin To Net: NetName=GND Pin=CON1-C60
Added Pin To Net: NetName=GND Pin=CON1-D6
Added Pin To Net: NetName=GND Pin=CON1-D12
Added Pin To Net: NetName=GND Pin=CON1-D17
Added Pin To Net: NetName=GND Pin=CON1-D28
Added Pin To Net: NetName=GND Pin=CON1-D29
Added Pin To Net: NetName=GND Pin=CON1-D30
Added Pin To Net: NetName=GND Pin=CON1-D35
Added Pin To Net: NetName=GND Pin=CON1-D36
Added Pin To Net: NetName=GND Pin=CON1-D38
Added Pin To Net: NetName=GND Pin=CON1-D42
Added Pin To Net: NetName=GND Pin=CON1-D44
Added Pin To Net: NetName=GND Pin=CON1-D55
Added Pin To Net: NetName=GND Pin=CON1-D58
Added Pin To Net: NetName=GND Pin=CON1-D60
Added Pin To Net: NetName=GND Pin=D2-2
Added Pin To Net: NetName=GND Pin=D4-A
Added Pin To Net: NetName=GND Pin=D5-A
Added Pin To Net: NetName=GND Pin=G1-3
Added Pin To Net: NetName=GND Pin=G2-2
Added Pin To Net: NetName=GND Pin=G3-2
Added Pin To Net: NetName=GND Pin=G4-2
Added Pin To Net: NetName=GND Pin=JTAG-4
Added Pin To Net: NetName=GND Pin=JTAG-8
Added Pin To Net: NetName=GND Pin=JTAG-10
Added Pin To Net: NetName=GND Pin=JTAG-12
Added Pin To Net: NetName=GND Pin=LINGXIAO-1
Added Pin To Net: NetName=GND Pin=PH2.0-1
Added Pin To Net: NetName=GND Pin=PWM4-3
Added Pin To Net: NetName=GND Pin=PWM4-6
Added Pin To Net: NetName=GND Pin=PWM4-9
Added Pin To Net: NetName=GND Pin=PWM4-12
Added Pin To Net: NetName=GND Pin=R2-2
Added Pin To Net: NetName=GND Pin=R12-1
Added Pin To Net: NetName=GND Pin=R13-1
Added Pin To Net: NetName=GND Pin=R14-1
Added Pin To Net: NetName=GND Pin=R16-2
Added Pin To Net: NetName=GND Pin=R23-1
Added Pin To Net: NetName=GND Pin=S1-2
Added Pin To Net: NetName=GND Pin=S2-2
Added Pin To Net: NetName=GND Pin=S3-2
Added Pin To Net: NetName=GND Pin=S4-2
Added Pin To Net: NetName=GND Pin=SD-6
Added Pin To Net: NetName=GND Pin=T1-2
Added Pin To Net: NetName=GND Pin=T2-2
Added Pin To Net: NetName=GND Pin=T3-2
Added Pin To Net: NetName=GND Pin=TG1-1
Added Pin To Net: NetName=GND Pin=TPS5430-6
Added Pin To Net: NetName=GND Pin=TPS5430-9
Added Pin To Net: NetName=GND Pin=USB-5
Added Pin To Net: NetName=GND Pin=USB-5
Added Pin To Net: NetName=GND Pin=USB-5
Added Pin To Net: NetName=GND Pin=USB-5
Added Pin To Net: NetName=GND Pin=USB-5
Added Net: Name=GND
Added Pin To Net: NetName=NetC1_1 Pin=C1-1
Added Pin To Net: NetName=NetC1_1 Pin=TPS5430-1
Added Net: Name=NetC1_1
Added Pin To Net: NetName=NetC1_2 Pin=C1-2
Added Pin To Net: NetName=NetC1_2 Pin=D2-1
Added Pin To Net: NetName=NetC1_2 Pin=L1-2
Added Pin To Net: NetName=NetC1_2 Pin=TPS5430-8
Added Net: Name=NetC1_2
Added Pin To Net: NetName=NetD1_1 Pin=D1-1
Added Pin To Net: NetName=NetD1_1 Pin=T1-1
Added Pin To Net: NetName=NetD1_1 Pin=TPS5430-7
Added Net: Name=NetD1_1
Added Pin To Net: NetName=NetD1_2 Pin=D1-2
Added Pin To Net: NetName=NetD1_2 Pin=PH2.0-2
Added Net: Name=NetD1_2
Added Pin To Net: NetName=NetD3_2 Pin=D3-2
Added Pin To Net: NetName=NetD3_2 Pin=L1-1
Added Pin To Net: NetName=NetD3_2 Pin=R1-2
Added Pin To Net: NetName=NetD3_2 Pin=T2-1
Added Pin To Net: NetName=NetD3_2 Pin=T3-1
Added Net: Name=NetD3_2
Added Pin To Net: NetName=NetJTAG_13 Pin=JTAG-13
Added Pin To Net: NetName=NetJTAG_13 Pin=R22-2
Added Net: Name=NetJTAG_13
Added Pin To Net: NetName=NetJTAG_14 Pin=JTAG-14
Added Pin To Net: NetName=NetJTAG_14 Pin=R21-2
Added Net: Name=NetJTAG_14
Added Pin To Net: NetName=NetR1_1 Pin=R1-1
Added Pin To Net: NetName=NetR1_1 Pin=R2-1
Added Pin To Net: NetName=NetR1_1 Pin=TPS5430-4
Added Net: Name=NetR1_1
Added Pin To Net: NetName=NetR3_1 Pin=R3-1
Added Pin To Net: NetName=NetR3_1 Pin=R4-1
Added Pin To Net: NetName=NetR3_1 Pin=S3-3
Added Net: Name=NetR3_1
Added Pin To Net: NetName=NetR3_2 Pin=R3-2
Added Pin To Net: NetName=NetR3_2 Pin=R4-2
Added Pin To Net: NetName=NetR3_2 Pin=RGB-6
Added Net: Name=NetR3_2
Added Pin To Net: NetName=NetR5_1 Pin=R5-1
Added Pin To Net: NetName=NetR5_1 Pin=R6-1
Added Pin To Net: NetName=NetR5_1 Pin=S2-3
Added Net: Name=NetR5_1
Added Pin To Net: NetName=NetR5_2 Pin=R5-2
Added Pin To Net: NetName=NetR5_2 Pin=R6-2
Added Pin To Net: NetName=NetR5_2 Pin=RGB-4
Added Net: Name=NetR5_2
Added Pin To Net: NetName=NetR7_1 Pin=R7-1
Added Pin To Net: NetName=NetR7_1 Pin=R8-1
Added Pin To Net: NetName=NetR7_1 Pin=S1-3
Added Net: Name=NetR7_1
Added Pin To Net: NetName=NetR7_2 Pin=R7-2
Added Pin To Net: NetName=NetR7_2 Pin=R8-2
Added Pin To Net: NetName=NetR7_2 Pin=RGB-2
Added Net: Name=NetR7_2
Added Pin To Net: NetName=NetR9_1 Pin=R9-1
Added Pin To Net: NetName=NetR9_1 Pin=R12-2
Added Pin To Net: NetName=NetR9_1 Pin=S1-1
Added Net: Name=NetR9_1
Added Pin To Net: NetName=NetR10_1 Pin=R10-1
Added Pin To Net: NetName=NetR10_1 Pin=R13-2
Added Pin To Net: NetName=NetR10_1 Pin=S2-1
Added Net: Name=NetR10_1
Added Pin To Net: NetName=NetR11_1 Pin=R11-1
Added Pin To Net: NetName=NetR11_1 Pin=R14-2
Added Pin To Net: NetName=NetR11_1 Pin=S3-1
Added Net: Name=NetR11_1
Added Pin To Net: NetName=NetR16_1 Pin=R16-1
Added Pin To Net: NetName=NetR16_1 Pin=R17-2
Added Pin To Net: NetName=NetR16_1 Pin=S4-1
Added Net: Name=NetR16_1
Added Pin To Net: NetName=PWM1 Pin=CON1-A6
Added Pin To Net: NetName=PWM1 Pin=PWM4-10
Added Net: Name=PWM1
Added Pin To Net: NetName=PWM2 Pin=CON1-A10
Added Pin To Net: NetName=PWM2 Pin=PWM4-7
Added Net: Name=PWM2
Added Pin To Net: NetName=PWM3 Pin=CON1-A14
Added Pin To Net: NetName=PWM3 Pin=PWM4-4
Added Net: Name=PWM3
Added Pin To Net: NetName=PWM4 Pin=CON1-A18
Added Pin To Net: NetName=PWM4 Pin=PWM4-1
Added Net: Name=PWM4
Added Pin To Net: NetName=PWM5 Pin=CON1-A22
Added Pin To Net: NetName=PWM5 Pin=G1-2
Added Net: Name=PWM5
Added Pin To Net: NetName=PWM6 Pin=CON1-A26
Added Pin To Net: NetName=PWM6 Pin=R11-2
Added Net: Name=PWM6
Added Pin To Net: NetName=PWM7 Pin=CON1-A30
Added Pin To Net: NetName=PWM7 Pin=R9-2
Added Net: Name=PWM7
Added Pin To Net: NetName=PWM8 Pin=CON1-A34
Added Pin To Net: NetName=PWM8 Pin=R10-2
Added Net: Name=PWM8
Added Pin To Net: NetName=RST Pin=C2-2
Added Pin To Net: NetName=RST Pin=CON1-D34
Added Pin To Net: NetName=RST Pin=R25-1
Added Net: Name=RST
Added Pin To Net: NetName=RXA Pin=CON1-D13
Added Pin To Net: NetName=RXA Pin=LINGXIAO-5
Added Net: Name=RXA
Added Pin To Net: NetName=RXB Pin=CON1-B41
Added Pin To Net: NetName=RXB Pin=G1-1
Added Net: Name=RXB
Added Pin To Net: NetName=RXC Pin=CON1-B22
Added Pin To Net: NetName=RXC Pin=G2-4
Added Net: Name=RXC
Added Pin To Net: NetName=RXD Pin=CON1-B49
Added Pin To Net: NetName=RXD Pin=R15-1
Added Pin To Net: NetName=RXD Pin=S4-3
Added Net: Name=RXD
Added Pin To Net: NetName=RXLING Pin=G3-4
Added Pin To Net: NetName=RXLING Pin=LINGXIAO-8
Added Net: Name=RXLING
Added Pin To Net: NetName=SBUSIN Pin=R17-1
Added Pin To Net: NetName=SBUSIN Pin=TG1-3
Added Net: Name=SBUSIN
Added Pin To Net: NetName=SCL Pin=CON1-B20
Added Pin To Net: NetName=SCL Pin=G4-4
Added Net: Name=SCL
Added Pin To Net: NetName=SDA Pin=CON1-B18
Added Pin To Net: NetName=SDA Pin=G4-3
Added Net: Name=SDA
Added Pin To Net: NetName=SIMO Pin=CON1-A53
Added Pin To Net: NetName=SIMO Pin=R19-1
Added Pin To Net: NetName=SIMO Pin=SD-3
Added Net: Name=SIMO
Added Pin To Net: NetName=SOMI Pin=CON1-A59
Added Pin To Net: NetName=SOMI Pin=SD-7
Added Net: Name=SOMI
Added Pin To Net: NetName=STE Pin=CON1-A55
Added Pin To Net: NetName=STE Pin=R18-1
Added Pin To Net: NetName=STE Pin=SD-2
Added Net: Name=STE
Added Pin To Net: NetName=TCK Pin=CON1-D27
Added Pin To Net: NetName=TCK Pin=JTAG-9
Added Pin To Net: NetName=TCK Pin=JTAG-11
Added Pin To Net: NetName=TCK Pin=R24-2
Added Net: Name=TCK
Added Pin To Net: NetName=TDI Pin=CON1-D19
Added Pin To Net: NetName=TDI Pin=JTAG-3
Added Net: Name=TDI
Added Pin To Net: NetName=TDO Pin=CON1-D25
Added Pin To Net: NetName=TDO Pin=JTAG-7
Added Net: Name=TDO
Added Pin To Net: NetName=TMS Pin=CON1-D21
Added Pin To Net: NetName=TMS Pin=JTAG-1
Added Net: Name=TMS
Added Pin To Net: NetName=TRT Pin=CON1-D23
Added Pin To Net: NetName=TRT Pin=JTAG-2
Added Pin To Net: NetName=TRT Pin=R23-2
Added Net: Name=TRT
Added Pin To Net: NetName=TXA Pin=CON1-D11
Added Pin To Net: NetName=TXA Pin=LINGXIAO-6
Added Net: Name=TXA
Added Pin To Net: NetName=TXC Pin=CON1-B24
Added Pin To Net: NetName=TXC Pin=G2-3
Added Net: Name=TXC
Added Pin To Net: NetName=TXLING Pin=G3-3
Added Pin To Net: NetName=TXLING Pin=LINGXIAO-7
Added Net: Name=TXLING
Added Class: Name=gd
Added Room: Name=gd
