Added Net: Name=A3.3V
Added Net: Name=A5
Added Net: Name=A5V
Added Net: Name=ADCA0
Added Net: Name=ADCA1
Added Net: Name=ADCA2
Added Net: Name=ADCA3
Added Net: Name=ADCA4
Added Net: Name=ADCA5
Added Net: Name=ADCB0
Added Net: Name=ADCB1
Added Net: Name=AGND
Added Net: Name=B5
Added Net: Name=B5V
Added Net: Name=CAM0_CLK_N
Added Net: Name=CAM0_CLK_P
Added Net: Name=CAM0_D0_N
Added Net: Name=CAM0_D0_P
Added Net: Name=CAM0_D1_N
Added Net: Name=CAM0_D1_P
Added Net: Name=CAM1_CLK_N
Added Net: Name=CAM1_CLK_P
Added Net: Name=CAM1_D0_N
Added Net: Name=CAM1_D0_P
Added Net: Name=CAM1_D1_N
Added Net: Name=CAM1_D1_P
Added Net: Name=CAM_GPIO
Added Net: Name=CCLK
Added Net: Name=CLK
Added Net: Name=CM4_3V3
Added Net: Name=CSIMO
Added Net: Name=CSOMI
Added Net: Name=CSTE
Added Net: Name=DM
Added Net: Name=DP
Added Net: Name=EXTRST
Added Net: Name=GND
Added Net: Name=HD_0N
Added Net: Name=HD_0P
Added Net: Name=HD_1N
Added Net: Name=HD_1P
Added Net: Name=HD_2N
Added Net: Name=HD_2P
Added Net: Name=HD_3N
Added Net: Name=HD_3P
Added Net: Name=HDMI0_CEC
Added Net: Name=HDMI0_CLK_N
Added Net: Name=HDMI0_CLK_P
Added Net: Name=HDMI0_HOTPLUG
Added Net: Name=HDMI0_SCL
Added Net: Name=HDMI0_SDA
Added Net: Name=HDMI0_TX0_N
Added Net: Name=HDMI0_TX0_P
Added Net: Name=HDMI0_TX1_N
Added Net: Name=HDMI0_TX1_P
Added Net: Name=HDMI0_TX2_N
Added Net: Name=HDMI0_TX2_P
Added Net: Name=NetADCS_1
Added Net: Name=NetADCS_2
Added Net: Name=NetADCS_3
Added Net: Name=NetADCS_4
Added Net: Name=NetADCS_5
Added Net: Name=NetADCS_6
Added Net: Name=NetADCS_7
Added Net: Name=NetADCS_8
Added Net: Name=NetAP22653_5
Added Net: Name=NetC10_1
Added Net: Name=NetC10_2
Added Net: Name=NetC11_2
Added Net: Name=NetC12_2
Added Net: Name=NetC13_2
Added Net: Name=NetC14_1
Added Net: Name=NetC25_1
Added Net: Name=NetC25_2
Added Net: Name=NetC26_2
Added Net: Name=NetC27_2
Added Net: Name=NetC28_2
Added Net: Name=NetC29_1
Added Net: Name=NetC40_1
Added Net: Name=NetC40_2
Added Net: Name=NetC41_2
Added Net: Name=NetC42_2
Added Net: Name=NetC43_2
Added Net: Name=NetC44_1
Added Net: Name=NetC52_2
Added Net: Name=NetC53_2
Added Net: Name=NetCM4_21
Added Net: Name=NetCM4_95
Added Net: Name=NetJTAG_13
Added Net: Name=NetJTAG_14
Added Net: Name=NetL1_1
Added Net: Name=NetL2_1
Added Net: Name=NetL3_1
Added Net: Name=NetLED1_1
Added Net: Name=NetLED2_2
Added Net: Name=NetR14_1
Added Net: Name=NetR16_1
Added Net: Name=NetR18_1
Added Net: Name=NetR20_1
Added Net: Name=NetR20_2
Added Net: Name=NetR22_1
Added Net: Name=NetR22_2
Added Net: Name=NetR24_1
Added Net: Name=NetR24_2
Added Net: Name=NetR27_1
Added Net: Name=NetR27_2
Added Net: Name=NetR45_2
Added Net: Name=NetR46_2
Added Net: Name=NetR47_2
Added Net: Name=NetR48_2
Added Net: Name=NetR49_2
Added Net: Name=OCS1
Added Net: Name=PWM1
Added Net: Name=PWM2
Added Net: Name=PWM3
Added Net: Name=PWM4
Added Net: Name=PWM_B
Added Net: Name=PWM_G
Added Net: Name=PWM_R
Added Net: Name=PWR1
Added Net: Name=PWR_IN
Added Net: Name=RST
Added Net: Name=RXA
Added Net: Name=RXB
Added Net: Name=RXC
Added Net: Name=RXD
Added Net: Name=RXLING
Added Net: Name=SCL0
Added Net: Name=SCL1
Added Net: Name=SCL
Added Net: Name=SD_CLK
Added Net: Name=SD_CMD
Added Net: Name=SD_DAT0
Added Net: Name=SD_DAT1
Added Net: Name=SD_DAT2
Added Net: Name=SD_DAT3
Added Net: Name=SDA0
Added Net: Name=SDA1
Added Net: Name=SDA
Added Net: Name=SIMO
Added Net: Name=SOMI
Added Net: Name=STE
Added Net: Name=TCK
Added Net: Name=TDI
Added Net: Name=TDO
Added Net: Name=TMS
Added Net: Name=TRST
Added Net: Name=TXA
Added Net: Name=TXB
Added Net: Name=TXC
Added Net: Name=TXLING
Added Net: Name=USB0_N
Added Net: Name=USB0_P
Added Net: Name=VBAT
Added Class: Name=GD2
Added Room: Name=GD2
