Added Component: Designator=ADC(ADCMOD)
Added Component: Designator=AN(SOT23-6)
Added Component: Designator=C1(C0603_L)
Add component (AddParameter): Name = "BOM名称"; Value = "无极性贴片电容"; VariantName = "[No Variations]"
Add component (AddParameter): Name = "联系卖家，免费查找封装"; Value = "唯一出售店铺网址https://shop463601444.taobao.com"; VariantName = "[No Variations]"
Added Component: Designator=C2(C0603_L)
Add component (AddParameter): Name = "BOM名称"; Value = "无极性贴片电容"; VariantName = "[No Variations]"
Add component (AddParameter): Name = "联系卖家，免费查找封装"; Value = "唯一出售店铺网址https://shop463601444.taobao.com"; VariantName = "[No Variations]"
Added Component: Designator=C3(C0603_L)
Add component (AddParameter): Name = "BOM名称"; Value = "无极性贴片电容"; VariantName = "[No Variations]"
Add component (AddParameter): Name = "联系卖家，免费查找封装"; Value = "唯一出售店铺网址https://shop463601444.taobao.com"; VariantName = "[No Variations]"
Added Component: Designator=C4(C0603_L)
Add component (AddParameter): Name = "BOM名称"; Value = "无极性贴片电容"; VariantName = "[No Variations]"
Add component (AddParameter): Name = "联系卖家，免费查找封装"; Value = "唯一出售店铺网址https://shop463601444.taobao.com"; VariantName = "[No Variations]"
Added Component: Designator=C5(C0603_L)
Add component (AddParameter): Name = "BOM名称"; Value = "无极性贴片电容"; VariantName = "[No Variations]"
Add component (AddParameter): Name = "联系卖家，免费查找封装"; Value = "唯一出售店铺网址https://shop463601444.taobao.com"; VariantName = "[No Variations]"
Added Component: Designator=C6(C0603_L)
Add component (AddParameter): Name = "BOM名称"; Value = "无极性贴片电容"; VariantName = "[No Variations]"
Add component (AddParameter): Name = "联系卖家，免费查找封装"; Value = "唯一出售店铺网址https://shop463601444.taobao.com"; VariantName = "[No Variations]"
Added Component: Designator=C7(C0603_L)
Add component (AddParameter): Name = "BOM名称"; Value = "无极性贴片电容"; VariantName = "[No Variations]"
Add component (AddParameter): Name = "联系卖家，免费查找封装"; Value = "唯一出售店铺网址https://shop463601444.taobao.com"; VariantName = "[No Variations]"
Added Component: Designator=C8(C0603_L)
Add component (AddParameter): Name = "BOM名称"; Value = "无极性贴片电容"; VariantName = "[No Variations]"
Add component (AddParameter): Name = "联系卖家，免费查找封装"; Value = "唯一出售店铺网址https://shop463601444.taobao.com"; VariantName = "[No Variations]"
Added Component: Designator=C9(C0603_L)
Add component (AddParameter): Name = "BOM名称"; Value = "无极性贴片电容"; VariantName = "[No Variations]"
Add component (AddParameter): Name = "联系卖家，免费查找封装"; Value = "唯一出售店铺网址https://shop463601444.taobao.com"; VariantName = "[No Variations]"
Added Component: Designator=C10(C0603_L)
Add component (AddParameter): Name = "BOM名称"; Value = "无极性贴片电容"; VariantName = "[No Variations]"
Add component (AddParameter): Name = "联系卖家，免费查找封装"; Value = "唯一出售店铺网址https://shop463601444.taobao.com"; VariantName = "[No Variations]"
Added Component: Designator=C11(C0603_L)
Add component (AddParameter): Name = "BOM名称"; Value = "无极性贴片电容"; VariantName = "[No Variations]"
Add component (AddParameter): Name = "联系卖家，免费查找封装"; Value = "唯一出售店铺网址https://shop463601444.taobao.com"; VariantName = "[No Variations]"
Added Component: Designator=C12(C0603_L)
Add component (AddParameter): Name = "BOM名称"; Value = "无极性贴片电容"; VariantName = "[No Variations]"
Add component (AddParameter): Name = "联系卖家，免费查找封装"; Value = "唯一出售店铺网址https://shop463601444.taobao.com"; VariantName = "[No Variations]"
Added Component: Designator=C13(C0603_L)
Add component (AddParameter): Name = "BOM名称"; Value = "无极性贴片电容"; VariantName = "[No Variations]"
Add component (AddParameter): Name = "联系卖家，免费查找封装"; Value = "唯一出售店铺网址https://shop463601444.taobao.com"; VariantName = "[No Variations]"
Added Component: Designator=C14(C0603_L)
Add component (AddParameter): Name = "BOM名称"; Value = "无极性贴片电容"; VariantName = "[No Variations]"
Add component (AddParameter): Name = "联系卖家，免费查找封装"; Value = "唯一出售店铺网址https://shop463601444.taobao.com"; VariantName = "[No Variations]"
Added Component: Designator=C15(C0603_L)
Add component (AddParameter): Name = "BOM名称"; Value = "无极性贴片电容"; VariantName = "[No Variations]"
Add component (AddParameter): Name = "联系卖家，免费查找封装"; Value = "唯一出售店铺网址https://shop463601444.taobao.com"; VariantName = "[No Variations]"
Added Component: Designator=C16(C0603_L)
Add component (AddParameter): Name = "BOM名称"; Value = "无极性贴片电容"; VariantName = "[No Variations]"
Add component (AddParameter): Name = "联系卖家，免费查找封装"; Value = "唯一出售店铺网址https://shop463601444.taobao.com"; VariantName = "[No Variations]"
Added Component: Designator=C17(C0603_L)
Add component (AddParameter): Name = "BOM名称"; Value = "无极性贴片电容"; VariantName = "[No Variations]"
Add component (AddParameter): Name = "联系卖家，免费查找封装"; Value = "唯一出售店铺网址https://shop463601444.taobao.com"; VariantName = "[No Variations]"
Added Component: Designator=C18(C0603_L)
Add component (AddParameter): Name = "BOM名称"; Value = "无极性贴片电容"; VariantName = "[No Variations]"
Add component (AddParameter): Name = "联系卖家，免费查找封装"; Value = "唯一出售店铺网址https://shop463601444.taobao.com"; VariantName = "[No Variations]"
Added Component: Designator=C19(C0603_L)
Add component (AddParameter): Name = "BOM名称"; Value = "无极性贴片电容"; VariantName = "[No Variations]"
Add component (AddParameter): Name = "联系卖家，免费查找封装"; Value = "唯一出售店铺网址https://shop463601444.taobao.com"; VariantName = "[No Variations]"
Added Component: Designator=C20(C0603_L)
Add component (AddParameter): Name = "BOM名称"; Value = "无极性贴片电容"; VariantName = "[No Variations]"
Add component (AddParameter): Name = "联系卖家，免费查找封装"; Value = "唯一出售店铺网址https://shop463601444.taobao.com"; VariantName = "[No Variations]"
Added Component: Designator=C21(C0603_L)
Add component (AddParameter): Name = "BOM名称"; Value = "无极性贴片电容"; VariantName = "[No Variations]"
Add component (AddParameter): Name = "联系卖家，免费查找封装"; Value = "唯一出售店铺网址https://shop463601444.taobao.com"; VariantName = "[No Variations]"
Added Component: Designator=C22(C0603_L)
Add component (AddParameter): Name = "BOM名称"; Value = "无极性贴片电容"; VariantName = "[No Variations]"
Add component (AddParameter): Name = "联系卖家，免费查找封装"; Value = "唯一出售店铺网址https://shop463601444.taobao.com"; VariantName = "[No Variations]"
Added Component: Designator=C23(C0603_L)
Add component (AddParameter): Name = "BOM名称"; Value = "无极性贴片电容"; VariantName = "[No Variations]"
Add component (AddParameter): Name = "联系卖家，免费查找封装"; Value = "唯一出售店铺网址https://shop463601444.taobao.com"; VariantName = "[No Variations]"
Added Component: Designator=C24(C0603_L)
Add component (AddParameter): Name = "BOM名称"; Value = "无极性贴片电容"; VariantName = "[No Variations]"
Add component (AddParameter): Name = "联系卖家，免费查找封装"; Value = "唯一出售店铺网址https://shop463601444.taobao.com"; VariantName = "[No Variations]"
Added Component: Designator=C25(C0603_L)
Add component (AddParameter): Name = "BOM名称"; Value = "无极性贴片电容"; VariantName = "[No Variations]"
Add component (AddParameter): Name = "联系卖家，免费查找封装"; Value = "唯一出售店铺网址https://shop463601444.taobao.com"; VariantName = "[No Variations]"
Added Component: Designator=C26(C0603_L)
Add component (AddParameter): Name = "BOM名称"; Value = "无极性贴片电容"; VariantName = "[No Variations]"
Add component (AddParameter): Name = "联系卖家，免费查找封装"; Value = "唯一出售店铺网址https://shop463601444.taobao.com"; VariantName = "[No Variations]"
Added Component: Designator=C27(C0603_L)
Add component (AddParameter): Name = "BOM名称"; Value = "无极性贴片电容"; VariantName = "[No Variations]"
Add component (AddParameter): Name = "联系卖家，免费查找封装"; Value = "唯一出售店铺网址https://shop463601444.taobao.com"; VariantName = "[No Variations]"
Added Component: Designator=C28(C0603_L)
Add component (AddParameter): Name = "BOM名称"; Value = "无极性贴片电容"; VariantName = "[No Variations]"
Add component (AddParameter): Name = "联系卖家，免费查找封装"; Value = "唯一出售店铺网址https://shop463601444.taobao.com"; VariantName = "[No Variations]"
Added Component: Designator=C29(C0603_L)
Add component (AddParameter): Name = "BOM名称"; Value = "无极性贴片电容"; VariantName = "[No Variations]"
Add component (AddParameter): Name = "联系卖家，免费查找封装"; Value = "唯一出售店铺网址https://shop463601444.taobao.com"; VariantName = "[No Variations]"
Added Component: Designator=C30(C0603_L)
Add component (AddParameter): Name = "BOM名称"; Value = "无极性贴片电容"; VariantName = "[No Variations]"
Add component (AddParameter): Name = "联系卖家，免费查找封装"; Value = "唯一出售店铺网址https://shop463601444.taobao.com"; VariantName = "[No Variations]"
Added Component: Designator=C31(C0603_L)
Add component (AddParameter): Name = "BOM名称"; Value = "无极性贴片电容"; VariantName = "[No Variations]"
Add component (AddParameter): Name = "联系卖家，免费查找封装"; Value = "唯一出售店铺网址https://shop463601444.taobao.com"; VariantName = "[No Variations]"
Added Component: Designator=C32(C0603_L)
Add component (AddParameter): Name = "BOM名称"; Value = "无极性贴片电容"; VariantName = "[No Variations]"
Add component (AddParameter): Name = "联系卖家，免费查找封装"; Value = "唯一出售店铺网址https://shop463601444.taobao.com"; VariantName = "[No Variations]"
Added Component: Designator=C33(C0603_L)
Add component (AddParameter): Name = "BOM名称"; Value = "无极性贴片电容"; VariantName = "[No Variations]"
Add component (AddParameter): Name = "联系卖家，免费查找封装"; Value = "唯一出售店铺网址https://shop463601444.taobao.com"; VariantName = "[No Variations]"
Added Component: Designator=C34(C0603_L)
Add component (AddParameter): Name = "BOM名称"; Value = "无极性贴片电容"; VariantName = "[No Variations]"
Add component (AddParameter): Name = "联系卖家，免费查找封装"; Value = "唯一出售店铺网址https://shop463601444.taobao.com"; VariantName = "[No Variations]"
Added Component: Designator=C35(C0603_L)
Add component (AddParameter): Name = "BOM名称"; Value = "无极性贴片电容"; VariantName = "[No Variations]"
Add component (AddParameter): Name = "联系卖家，免费查找封装"; Value = "唯一出售店铺网址https://shop463601444.taobao.com"; VariantName = "[No Variations]"
Added Component: Designator=C36(C0603_L)
Add component (AddParameter): Name = "BOM名称"; Value = "无极性贴片电容"; VariantName = "[No Variations]"
Add component (AddParameter): Name = "联系卖家，免费查找封装"; Value = "唯一出售店铺网址https://shop463601444.taobao.com"; VariantName = "[No Variations]"
Added Component: Designator=C37(C0603_L)
Add component (AddParameter): Name = "BOM名称"; Value = "无极性贴片电容"; VariantName = "[No Variations]"
Add component (AddParameter): Name = "联系卖家，免费查找封装"; Value = "唯一出售店铺网址https://shop463601444.taobao.com"; VariantName = "[No Variations]"
Added Component: Designator=C38(C0603_L)
Add component (AddParameter): Name = "BOM名称"; Value = "无极性贴片电容"; VariantName = "[No Variations]"
Add component (AddParameter): Name = "联系卖家，免费查找封装"; Value = "唯一出售店铺网址https://shop463601444.taobao.com"; VariantName = "[No Variations]"
Added Component: Designator=C39(C0603_L)
Add component (AddParameter): Name = "BOM名称"; Value = "无极性贴片电容"; VariantName = "[No Variations]"
Add component (AddParameter): Name = "联系卖家，免费查找封装"; Value = "唯一出售店铺网址https://shop463601444.taobao.com"; VariantName = "[No Variations]"
Added Component: Designator=C40(C0603_L)
Add component (AddParameter): Name = "BOM名称"; Value = "无极性贴片电容"; VariantName = "[No Variations]"
Add component (AddParameter): Name = "联系卖家，免费查找封装"; Value = "唯一出售店铺网址https://shop463601444.taobao.com"; VariantName = "[No Variations]"
Added Component: Designator=C41(C0603_L)
Add component (AddParameter): Name = "BOM名称"; Value = "无极性贴片电容"; VariantName = "[No Variations]"
Add component (AddParameter): Name = "联系卖家，免费查找封装"; Value = "唯一出售店铺网址https://shop463601444.taobao.com"; VariantName = "[No Variations]"
Added Component: Designator=C42(C0603_L)
Add component (AddParameter): Name = "BOM名称"; Value = "无极性贴片电容"; VariantName = "[No Variations]"
Add component (AddParameter): Name = "联系卖家，免费查找封装"; Value = "唯一出售店铺网址https://shop463601444.taobao.com"; VariantName = "[No Variations]"
Added Component: Designator=C43(C0603_L)
Add component (AddParameter): Name = "BOM名称"; Value = "无极性贴片电容"; VariantName = "[No Variations]"
Add component (AddParameter): Name = "联系卖家，免费查找封装"; Value = "唯一出售店铺网址https://shop463601444.taobao.com"; VariantName = "[No Variations]"
Added Component: Designator=C44(C0603_L)
Add component (AddParameter): Name = "BOM名称"; Value = "无极性贴片电容"; VariantName = "[No Variations]"
Add component (AddParameter): Name = "联系卖家，免费查找封装"; Value = "唯一出售店铺网址https://shop463601444.taobao.com"; VariantName = "[No Variations]"
Added Component: Designator=C45(C0603_L)
Add component (AddParameter): Name = "BOM名称"; Value = "无极性贴片电容"; VariantName = "[No Variations]"
Add component (AddParameter): Name = "联系卖家，免费查找封装"; Value = "唯一出售店铺网址https://shop463601444.taobao.com"; VariantName = "[No Variations]"
Added Component: Designator=C46(C0603_L)
Add component (AddParameter): Name = "BOM名称"; Value = "无极性贴片电容"; VariantName = "[No Variations]"
Add component (AddParameter): Name = "联系卖家，免费查找封装"; Value = "唯一出售店铺网址https://shop463601444.taobao.com"; VariantName = "[No Variations]"
Added Component: Designator=C47(C0603_L)
Add component (AddParameter): Name = "BOM名称"; Value = "无极性贴片电容"; VariantName = "[No Variations]"
Add component (AddParameter): Name = "联系卖家，免费查找封装"; Value = "唯一出售店铺网址https://shop463601444.taobao.com"; VariantName = "[No Variations]"
Added Component: Designator=C48(C0603_L)
Add component (AddParameter): Name = "BOM名称"; Value = "无极性贴片电容"; VariantName = "[No Variations]"
Add component (AddParameter): Name = "联系卖家，免费查找封装"; Value = "唯一出售店铺网址https://shop463601444.taobao.com"; VariantName = "[No Variations]"
Added Component: Designator=C49(C0603_L)
Add component (AddParameter): Name = "BOM名称"; Value = "无极性贴片电容"; VariantName = "[No Variations]"
Add component (AddParameter): Name = "联系卖家，免费查找封装"; Value = "唯一出售店铺网址https://shop463601444.taobao.com"; VariantName = "[No Variations]"
Added Component: Designator=C50(C0603_L)
Add component (AddParameter): Name = "BOM名称"; Value = "无极性贴片电容"; VariantName = "[No Variations]"
Add component (AddParameter): Name = "联系卖家，免费查找封装"; Value = "唯一出售店铺网址https://shop463601444.taobao.com"; VariantName = "[No Variations]"
Added Component: Designator=C51(C0603_L)
Add component (AddParameter): Name = "BOM名称"; Value = "无极性贴片电容"; VariantName = "[No Variations]"
Add component (AddParameter): Name = "联系卖家，免费查找封装"; Value = "唯一出售店铺网址https://shop463601444.taobao.com"; VariantName = "[No Variations]"
Added Component: Designator=C52(C0603_L)
Add component (AddParameter): Name = "BOM名称"; Value = "无极性贴片电容"; VariantName = "[No Variations]"
Add component (AddParameter): Name = "联系卖家，免费查找封装"; Value = "唯一出售店铺网址https://shop463601444.taobao.com"; VariantName = "[No Variations]"
Added Component: Designator=C53(C0603_L)
Add component (AddParameter): Name = "BOM名称"; Value = "无极性贴片电容"; VariantName = "[No Variations]"
Add component (AddParameter): Name = "联系卖家，免费查找封装"; Value = "唯一出售店铺网址https://shop463601444.taobao.com"; VariantName = "[No Variations]"
Added Component: Designator=C54(C0603_L)
Add component (AddParameter): Name = "BOM名称"; Value = "无极性贴片电容"; VariantName = "[No Variations]"
Add component (AddParameter): Name = "联系卖家，免费查找封装"; Value = "唯一出售店铺网址https://shop463601444.taobao.com"; VariantName = "[No Variations]"
Added Component: Designator=C55(C0603_L)
Add component (AddParameter): Name = "BOM名称"; Value = "无极性贴片电容"; VariantName = "[No Variations]"
Add component (AddParameter): Name = "联系卖家，免费查找封装"; Value = "唯一出售店铺网址https://shop463601444.taobao.com"; VariantName = "[No Variations]"
Added Component: Designator=C56(C0603_L)
Add component (AddParameter): Name = "BOM名称"; Value = "无极性贴片电容"; VariantName = "[No Variations]"
Add component (AddParameter): Name = "联系卖家，免费查找封装"; Value = "唯一出售店铺网址https://shop463601444.taobao.com"; VariantName = "[No Variations]"
Added Component: Designator=C57(C0603_L)
Add component (AddParameter): Name = "BOM名称"; Value = "无极性贴片电容"; VariantName = "[No Variations]"
Add component (AddParameter): Name = "联系卖家，免费查找封装"; Value = "唯一出售店铺网址https://shop463601444.taobao.com"; VariantName = "[No Variations]"
Added Component: Designator=C58(C0603_L)
Add component (AddParameter): Name = "BOM名称"; Value = "无极性贴片电容"; VariantName = "[No Variations]"
Add component (AddParameter): Name = "联系卖家，免费查找封装"; Value = "唯一出售店铺网址https://shop463601444.taobao.com"; VariantName = "[No Variations]"
Added Component: Designator=C2000(28379D)
Added Component: Designator=CAM0(FPC1.0-WT-15P)
Add component (AddParameter): Name = "BOM名称"; Value = "15P连接器"; VariantName = "[No Variations]"
Add component (AddParameter): Name = "联系卖家 免费技术支持"; Value = "封装库来自淘宝卖家ID：黄晶宝石"; VariantName = "[No Variations]"
Add component (AddParameter): Name = "联系卖家 免费查找封装"; Value = "唯一出售店铺网址https://shop463601444.taobao.com"; VariantName = "[No Variations]"
Added Component: Designator=CAM1(FPC1.0-WT-15P)
Add component (AddParameter): Name = "BOM名称"; Value = "15P连接器"; VariantName = "[No Variations]"
Add component (AddParameter): Name = "联系卖家 免费技术支持"; Value = "封装库来自淘宝卖家ID：黄晶宝石"; VariantName = "[No Variations]"
Add component (AddParameter): Name = "联系卖家 免费查找封装"; Value = "唯一出售店铺网址https://shop463601444.taobao.com"; VariantName = "[No Variations]"
Added Component: Designator=CM4A(CM4)
Added Component: Designator=CT1(C_3216)
Add component (AddParameter): Name = "BOM名称"; Value = "贴片钽电容"; VariantName = "[No Variations]"
Add component (AddParameter): Name = "联系卖家，免费查找封装"; Value = "唯一出售店铺网址https://shop463601444.taobao.com"; VariantName = "[No Variations]"
Added Component: Designator=CT2(C_3216)
Add component (AddParameter): Name = "BOM名称"; Value = "贴片钽电容"; VariantName = "[No Variations]"
Add component (AddParameter): Name = "联系卖家，免费查找封装"; Value = "唯一出售店铺网址https://shop463601444.taobao.com"; VariantName = "[No Variations]"
Added Component: Designator=CT3(C_3216)
Add component (AddParameter): Name = "BOM名称"; Value = "贴片钽电容"; VariantName = "[No Variations]"
Add component (AddParameter): Name = "联系卖家，免费查找封装"; Value = "唯一出售店铺网址https://shop463601444.taobao.com"; VariantName = "[No Variations]"
Added Component: Designator=CT4(C_3216)
Add component (AddParameter): Name = "BOM名称"; Value = "贴片钽电容"; VariantName = "[No Variations]"
Add component (AddParameter): Name = "联系卖家，免费查找封装"; Value = "唯一出售店铺网址https://shop463601444.taobao.com"; VariantName = "[No Variations]"
Added Component: Designator=D1(IN5819)
Added Component: Designator=D2(IN5819)
Added Component: Designator=D3(IN5819)
Added Component: Designator=ESD1(TSOP-6)
Added Component: Designator=ESD2(TSOP-6)
Added Component: Designator=FPC(FPC1.0-WT-6P)
Add component (AddParameter): Name = "BOM名称"; Value = "6P连接器"; VariantName = "[No Variations]"
Add component (AddParameter): Name = "联系卖家 免费技术支持"; Value = "封装库来自淘宝卖家ID：黄晶宝石"; VariantName = "[No Variations]"
Add component (AddParameter): Name = "联系卖家 免费查找封装"; Value = "唯一出售店铺网址https://shop463601444.taobao.com"; VariantName = "[No Variations]"
Added Component: Designator=HDMI(HDMI_A)
Added Component: Designator=JTAG(JTAG)
Added Component: Designator=L1(CD42)
Added Component: Designator=L2(CD42)
Added Component: Designator=L3(CD42)
Added Component: Designator=LED1(R0805_L)
Add component (AddParameter): Name = "BOM名称"; Value = "贴片电阻"; VariantName = "[No Variations]"
Add component (AddParameter): Name = "联系卖家，免费查找封装"; Value = "唯一出售店铺网址https://shop463601444.taobao.com"; VariantName = "[No Variations]"
Added Component: Designator=LED2(R0805_L)
Add component (AddParameter): Name = "BOM名称"; Value = "贴片电阻"; VariantName = "[No Variations]"
Add component (AddParameter): Name = "联系卖家，免费查找封装"; Value = "唯一出售店铺网址https://shop463601444.taobao.com"; VariantName = "[No Variations]"
Added Component: Designator=LINGXIAOB(GH4P)
Added Component: Designator=LINGXIAO(LINGXIAO)
Added Component: Designator=LINGXIAOU(USB)
Added Component: Designator=OF(GH4P)
Added Component: Designator=PSU1(SOIP-8)
Added Component: Designator=PSU2(SOIP-8)
Added Component: Designator=PSU3(SOIP-8)
Added Component: Designator=PWMS(PWM4P)
Added Component: Designator=PWR(KF2EDGK5.08-WI-2P)
Add component (AddParameter): Name = "BOM名称"; Value = "2P接插件"; VariantName = "[No Variations]"
Add component (AddParameter): Name = "联系卖家，免费技术支持"; Value = "唯一出售店铺网址https://shop463601444.taobao.com"; VariantName = "[No Variations]"
Added Component: Designator=R1(R0603_L)
Add component (AddParameter): Name = "BOM名称"; Value = "贴片电阻"; VariantName = "[No Variations]"
Add component (AddParameter): Name = "联系卖家，免费查找封装"; Value = "唯一出售店铺网址https://shop463601444.taobao.com"; VariantName = "[No Variations]"
Added Component: Designator=R2(R0603_L)
Add component (AddParameter): Name = "BOM名称"; Value = "贴片电阻"; VariantName = "[No Variations]"
Add component (AddParameter): Name = "联系卖家，免费查找封装"; Value = "唯一出售店铺网址https://shop463601444.taobao.com"; VariantName = "[No Variations]"
Added Component: Designator=R3(R0603_L)
Add component (AddParameter): Name = "BOM名称"; Value = "贴片电阻"; VariantName = "[No Variations]"
Add component (AddParameter): Name = "联系卖家，免费查找封装"; Value = "唯一出售店铺网址https://shop463601444.taobao.com"; VariantName = "[No Variations]"
Added Component: Designator=R4(R0603_L)
Add component (AddParameter): Name = "BOM名称"; Value = "贴片电阻"; VariantName = "[No Variations]"
Add component (AddParameter): Name = "联系卖家，免费查找封装"; Value = "唯一出售店铺网址https://shop463601444.taobao.com"; VariantName = "[No Variations]"
Added Component: Designator=R5(R0603_L)
Add component (AddParameter): Name = "BOM名称"; Value = "贴片电阻"; VariantName = "[No Variations]"
Add component (AddParameter): Name = "联系卖家，免费查找封装"; Value = "唯一出售店铺网址https://shop463601444.taobao.com"; VariantName = "[No Variations]"
Added Component: Designator=R6(R0603_L)
Add component (AddParameter): Name = "BOM名称"; Value = "贴片电阻"; VariantName = "[No Variations]"
Add component (AddParameter): Name = "联系卖家，免费查找封装"; Value = "唯一出售店铺网址https://shop463601444.taobao.com"; VariantName = "[No Variations]"
Added Component: Designator=R7(R0603_L)
Add component (AddParameter): Name = "BOM名称"; Value = "贴片电阻"; VariantName = "[No Variations]"
Add component (AddParameter): Name = "联系卖家，免费查找封装"; Value = "唯一出售店铺网址https://shop463601444.taobao.com"; VariantName = "[No Variations]"
Added Component: Designator=R8(R0603_L)
Add component (AddParameter): Name = "BOM名称"; Value = "贴片电阻"; VariantName = "[No Variations]"
Add component (AddParameter): Name = "联系卖家，免费查找封装"; Value = "唯一出售店铺网址https://shop463601444.taobao.com"; VariantName = "[No Variations]"
Added Component: Designator=R9(R0603_L)
Add component (AddParameter): Name = "BOM名称"; Value = "贴片电阻"; VariantName = "[No Variations]"
Add component (AddParameter): Name = "联系卖家，免费查找封装"; Value = "唯一出售店铺网址https://shop463601444.taobao.com"; VariantName = "[No Variations]"
Added Component: Designator=R10(R0603_L)
Add component (AddParameter): Name = "BOM名称"; Value = "贴片电阻"; VariantName = "[No Variations]"
Add component (AddParameter): Name = "联系卖家，免费查找封装"; Value = "唯一出售店铺网址https://shop463601444.taobao.com"; VariantName = "[No Variations]"
Added Component: Designator=R11(R0603_L)
Add component (AddParameter): Name = "BOM名称"; Value = "贴片电阻"; VariantName = "[No Variations]"
Add component (AddParameter): Name = "联系卖家，免费查找封装"; Value = "唯一出售店铺网址https://shop463601444.taobao.com"; VariantName = "[No Variations]"
Added Component: Designator=R12(R0603_L)
Add component (AddParameter): Name = "BOM名称"; Value = "贴片电阻"; VariantName = "[No Variations]"
Add component (AddParameter): Name = "联系卖家，免费查找封装"; Value = "唯一出售店铺网址https://shop463601444.taobao.com"; VariantName = "[No Variations]"
Added Component: Designator=R13(R0603_L)
Add component (AddParameter): Name = "BOM名称"; Value = "贴片电阻"; VariantName = "[No Variations]"
Add component (AddParameter): Name = "联系卖家，免费查找封装"; Value = "唯一出售店铺网址https://shop463601444.taobao.com"; VariantName = "[No Variations]"
Added Component: Designator=R14(R0603_L)
Add component (AddParameter): Name = "BOM名称"; Value = "贴片电阻"; VariantName = "[No Variations]"
Add component (AddParameter): Name = "联系卖家，免费查找封装"; Value = "唯一出售店铺网址https://shop463601444.taobao.com"; VariantName = "[No Variations]"
Added Component: Designator=R15(R0603_L)
Add component (AddParameter): Name = "BOM名称"; Value = "贴片电阻"; VariantName = "[No Variations]"
Add component (AddParameter): Name = "联系卖家，免费查找封装"; Value = "唯一出售店铺网址https://shop463601444.taobao.com"; VariantName = "[No Variations]"
Added Component: Designator=R16(R0603_L)
Add component (AddParameter): Name = "BOM名称"; Value = "贴片电阻"; VariantName = "[No Variations]"
Add component (AddParameter): Name = "联系卖家，免费查找封装"; Value = "唯一出售店铺网址https://shop463601444.taobao.com"; VariantName = "[No Variations]"
Added Component: Designator=R17(R0603_L)
Add component (AddParameter): Name = "BOM名称"; Value = "贴片电阻"; VariantName = "[No Variations]"
Add component (AddParameter): Name = "联系卖家，免费查找封装"; Value = "唯一出售店铺网址https://shop463601444.taobao.com"; VariantName = "[No Variations]"
Added Component: Designator=R18(R0603_L)
Add component (AddParameter): Name = "BOM名称"; Value = "贴片电阻"; VariantName = "[No Variations]"
Add component (AddParameter): Name = "联系卖家，免费查找封装"; Value = "唯一出售店铺网址https://shop463601444.taobao.com"; VariantName = "[No Variations]"
Added Component: Designator=R19(R0603_L)
Add component (AddParameter): Name = "BOM名称"; Value = "贴片电阻"; VariantName = "[No Variations]"
Add component (AddParameter): Name = "联系卖家，免费查找封装"; Value = "唯一出售店铺网址https://shop463601444.taobao.com"; VariantName = "[No Variations]"
Added Component: Designator=R20(R0603_L)
Add component (AddParameter): Name = "BOM名称"; Value = "贴片电阻"; VariantName = "[No Variations]"
Add component (AddParameter): Name = "联系卖家，免费查找封装"; Value = "唯一出售店铺网址https://shop463601444.taobao.com"; VariantName = "[No Variations]"
Added Component: Designator=R21(R0603_L)
Add component (AddParameter): Name = "BOM名称"; Value = "贴片电阻"; VariantName = "[No Variations]"
Add component (AddParameter): Name = "联系卖家，免费查找封装"; Value = "唯一出售店铺网址https://shop463601444.taobao.com"; VariantName = "[No Variations]"
Added Component: Designator=R22(R0603_L)
Add component (AddParameter): Name = "BOM名称"; Value = "贴片电阻"; VariantName = "[No Variations]"
Add component (AddParameter): Name = "联系卖家，免费查找封装"; Value = "唯一出售店铺网址https://shop463601444.taobao.com"; VariantName = "[No Variations]"
Added Component: Designator=R23(R0603_L)
Add component (AddParameter): Name = "BOM名称"; Value = "贴片电阻"; VariantName = "[No Variations]"
Add component (AddParameter): Name = "联系卖家，免费查找封装"; Value = "唯一出售店铺网址https://shop463601444.taobao.com"; VariantName = "[No Variations]"
Added Component: Designator=R24(R0603_L)
Add component (AddParameter): Name = "BOM名称"; Value = "贴片电阻"; VariantName = "[No Variations]"
Add component (AddParameter): Name = "联系卖家，免费查找封装"; Value = "唯一出售店铺网址https://shop463601444.taobao.com"; VariantName = "[No Variations]"
Added Component: Designator=R25(R0603_L)
Add component (AddParameter): Name = "BOM名称"; Value = "贴片电阻"; VariantName = "[No Variations]"
Add component (AddParameter): Name = "联系卖家，免费查找封装"; Value = "唯一出售店铺网址https://shop463601444.taobao.com"; VariantName = "[No Variations]"
Added Component: Designator=R26(R0603_L)
Add component (AddParameter): Name = "BOM名称"; Value = "贴片电阻"; VariantName = "[No Variations]"
Add component (AddParameter): Name = "联系卖家，免费查找封装"; Value = "唯一出售店铺网址https://shop463601444.taobao.com"; VariantName = "[No Variations]"
Added Component: Designator=R27(R0603_L)
Add component (AddParameter): Name = "BOM名称"; Value = "贴片电阻"; VariantName = "[No Variations]"
Add component (AddParameter): Name = "联系卖家，免费查找封装"; Value = "唯一出售店铺网址https://shop463601444.taobao.com"; VariantName = "[No Variations]"
Added Component: Designator=R28(R0603_L)
Add component (AddParameter): Name = "BOM名称"; Value = "贴片电阻"; VariantName = "[No Variations]"
Add component (AddParameter): Name = "联系卖家，免费查找封装"; Value = "唯一出售店铺网址https://shop463601444.taobao.com"; VariantName = "[No Variations]"
Added Component: Designator=R29(R0603_L)
Add component (AddParameter): Name = "BOM名称"; Value = "贴片电阻"; VariantName = "[No Variations]"
Add component (AddParameter): Name = "联系卖家，免费查找封装"; Value = "唯一出售店铺网址https://shop463601444.taobao.com"; VariantName = "[No Variations]"
Added Component: Designator=R30(R0603_L)
Add component (AddParameter): Name = "BOM名称"; Value = "贴片电阻"; VariantName = "[No Variations]"
Add component (AddParameter): Name = "联系卖家，免费查找封装"; Value = "唯一出售店铺网址https://shop463601444.taobao.com"; VariantName = "[No Variations]"
Added Component: Designator=R31(R0603_L)
Add component (AddParameter): Name = "BOM名称"; Value = "贴片电阻"; VariantName = "[No Variations]"
Add component (AddParameter): Name = "联系卖家，免费查找封装"; Value = "唯一出售店铺网址https://shop463601444.taobao.com"; VariantName = "[No Variations]"
Added Component: Designator=R32(R0603_L)
Add component (AddParameter): Name = "BOM名称"; Value = "贴片电阻"; VariantName = "[No Variations]"
Add component (AddParameter): Name = "联系卖家，免费查找封装"; Value = "唯一出售店铺网址https://shop463601444.taobao.com"; VariantName = "[No Variations]"
Added Component: Designator=R33(R0603_L)
Add component (AddParameter): Name = "BOM名称"; Value = "贴片电阻"; VariantName = "[No Variations]"
Add component (AddParameter): Name = "联系卖家，免费查找封装"; Value = "唯一出售店铺网址https://shop463601444.taobao.com"; VariantName = "[No Variations]"
Added Component: Designator=R34(R0603_L)
Add component (AddParameter): Name = "BOM名称"; Value = "贴片电阻"; VariantName = "[No Variations]"
Add component (AddParameter): Name = "联系卖家，免费查找封装"; Value = "唯一出售店铺网址https://shop463601444.taobao.com"; VariantName = "[No Variations]"
Added Component: Designator=R35(R0603_L)
Add component (AddParameter): Name = "BOM名称"; Value = "贴片电阻"; VariantName = "[No Variations]"
Add component (AddParameter): Name = "联系卖家，免费查找封装"; Value = "唯一出售店铺网址https://shop463601444.taobao.com"; VariantName = "[No Variations]"
Added Component: Designator=R36(R0603_L)
Add component (AddParameter): Name = "BOM名称"; Value = "贴片电阻"; VariantName = "[No Variations]"
Add component (AddParameter): Name = "联系卖家，免费查找封装"; Value = "唯一出售店铺网址https://shop463601444.taobao.com"; VariantName = "[No Variations]"
Added Component: Designator=R37(R0603_L)
Add component (AddParameter): Name = "BOM名称"; Value = "贴片电阻"; VariantName = "[No Variations]"
Add component (AddParameter): Name = "联系卖家，免费查找封装"; Value = "唯一出售店铺网址https://shop463601444.taobao.com"; VariantName = "[No Variations]"
Added Component: Designator=R38(R0603_L)
Add component (AddParameter): Name = "BOM名称"; Value = "贴片电阻"; VariantName = "[No Variations]"
Add component (AddParameter): Name = "联系卖家，免费查找封装"; Value = "唯一出售店铺网址https://shop463601444.taobao.com"; VariantName = "[No Variations]"
Added Component: Designator=R39(R0603_L)
Add component (AddParameter): Name = "BOM名称"; Value = "贴片电阻"; VariantName = "[No Variations]"
Add component (AddParameter): Name = "联系卖家，免费查找封装"; Value = "唯一出售店铺网址https://shop463601444.taobao.com"; VariantName = "[No Variations]"
Added Component: Designator=R40(R0603_L)
Add component (AddParameter): Name = "BOM名称"; Value = "贴片电阻"; VariantName = "[No Variations]"
Add component (AddParameter): Name = "联系卖家，免费查找封装"; Value = "唯一出售店铺网址https://shop463601444.taobao.com"; VariantName = "[No Variations]"
Added Component: Designator=R41(R0603_L)
Add component (AddParameter): Name = "BOM名称"; Value = "贴片电阻"; VariantName = "[No Variations]"
Add component (AddParameter): Name = "联系卖家，免费查找封装"; Value = "唯一出售店铺网址https://shop463601444.taobao.com"; VariantName = "[No Variations]"
Added Component: Designator=R42(R0603_L)
Add component (AddParameter): Name = "BOM名称"; Value = "贴片电阻"; VariantName = "[No Variations]"
Add component (AddParameter): Name = "联系卖家，免费查找封装"; Value = "唯一出售店铺网址https://shop463601444.taobao.com"; VariantName = "[No Variations]"
Added Component: Designator=R43(R0603_L)
Add component (AddParameter): Name = "BOM名称"; Value = "贴片电阻"; VariantName = "[No Variations]"
Add component (AddParameter): Name = "联系卖家，免费查找封装"; Value = "唯一出售店铺网址https://shop463601444.taobao.com"; VariantName = "[No Variations]"
Added Component: Designator=R44(R0603_L)
Add component (AddParameter): Name = "BOM名称"; Value = "贴片电阻"; VariantName = "[No Variations]"
Add component (AddParameter): Name = "联系卖家，免费查找封装"; Value = "唯一出售店铺网址https://shop463601444.taobao.com"; VariantName = "[No Variations]"
Added Component: Designator=R45(R0603_L)
Add component (AddParameter): Name = "BOM名称"; Value = "贴片电阻"; VariantName = "[No Variations]"
Add component (AddParameter): Name = "联系卖家，免费查找封装"; Value = "唯一出售店铺网址https://shop463601444.taobao.com"; VariantName = "[No Variations]"
Added Component: Designator=R46(R0603_L)
Add component (AddParameter): Name = "BOM名称"; Value = "贴片电阻"; VariantName = "[No Variations]"
Add component (AddParameter): Name = "联系卖家，免费查找封装"; Value = "唯一出售店铺网址https://shop463601444.taobao.com"; VariantName = "[No Variations]"
Added Component: Designator=R47(R0603_L)
Add component (AddParameter): Name = "BOM名称"; Value = "贴片电阻"; VariantName = "[No Variations]"
Add component (AddParameter): Name = "联系卖家，免费查找封装"; Value = "唯一出售店铺网址https://shop463601444.taobao.com"; VariantName = "[No Variations]"
Added Component: Designator=R48(R0603_L)
Add component (AddParameter): Name = "BOM名称"; Value = "贴片电阻"; VariantName = "[No Variations]"
Add component (AddParameter): Name = "联系卖家，免费查找封装"; Value = "唯一出售店铺网址https://shop463601444.taobao.com"; VariantName = "[No Variations]"
Added Component: Designator=R49(R0603_L)
Add component (AddParameter): Name = "BOM名称"; Value = "贴片电阻"; VariantName = "[No Variations]"
Add component (AddParameter): Name = "联系卖家，免费查找封装"; Value = "唯一出售店铺网址https://shop463601444.taobao.com"; VariantName = "[No Variations]"
Added Component: Designator=R50(R0603_L)
Add component (AddParameter): Name = "BOM名称"; Value = "贴片电阻"; VariantName = "[No Variations]"
Add component (AddParameter): Name = "联系卖家，免费查找封装"; Value = "唯一出售店铺网址https://shop463601444.taobao.com"; VariantName = "[No Variations]"
Added Component: Designator=R51(R0603_L)
Add component (AddParameter): Name = "BOM名称"; Value = "贴片电阻"; VariantName = "[No Variations]"
Add component (AddParameter): Name = "联系卖家，免费查找封装"; Value = "唯一出售店铺网址https://shop463601444.taobao.com"; VariantName = "[No Variations]"
Added Component: Designator=R52(R0603_L)
Add component (AddParameter): Name = "BOM名称"; Value = "贴片电阻"; VariantName = "[No Variations]"
Add component (AddParameter): Name = "联系卖家，免费查找封装"; Value = "唯一出售店铺网址https://shop463601444.taobao.com"; VariantName = "[No Variations]"
Added Component: Designator=RGB(RGB)
Added Component: Designator=SBUS(GH3P)
Added Component: Designator=SD(Micro SD)
Add component (AddParameter): Name = "BOM名称"; Value = "TF卡座"; VariantName = "[No Variations]"
Add component (AddParameter): Name = "联系卖家 免费技术支持"; Value = "封装库来自淘宝卖家ID：黄晶宝石"; VariantName = "[No Variations]"
Added Component: Designator=SI1(SI2310)
Added Component: Designator=SI2(SI2310)
Added Component: Designator=SI3(SI2310)
Added Component: Designator=SI4(SI2310)
Added Component: Designator=TYPE-C(USB-C-SMD_6P)
Add component (AddParameter): Name = "联系卖家 免费技术支持"; Value = "封装库来自淘宝卖家ID：黄晶宝石"; VariantName = "[No Variations]"
Added Component: Designator=USB0(USB2.0_Type-A_DIP_F_1)
Add component (AddParameter): Name = "BOM名称"; Value = "USB2.0_Type-A母座"; VariantName = "[No Variations]"
Add component (AddParameter): Name = "联系卖家 免费技术支持"; Value = "封装库来自淘宝卖家ID：黄晶宝石"; VariantName = "[No Variations]"
Added Component: Designator=USB1(USB2.0_Type-A_DIP_F_1)
Add component (AddParameter): Name = "BOM名称"; Value = "USB2.0_Type-A母座"; VariantName = "[No Variations]"
Add component (AddParameter): Name = "联系卖家 免费技术支持"; Value = "封装库来自淘宝卖家ID：黄晶宝石"; VariantName = "[No Variations]"
Added Component: Designator=USB2(USB2.0_Type-A_DIP_F_1)
Add component (AddParameter): Name = "BOM名称"; Value = "USB2.0_Type-A母座"; VariantName = "[No Variations]"
Add component (AddParameter): Name = "联系卖家 免费技术支持"; Value = "封装库来自淘宝卖家ID：黄晶宝石"; VariantName = "[No Variations]"
Added Component: Designator=USB3(USB2.0_Type-A_DIP_F_1)
Add component (AddParameter): Name = "BOM名称"; Value = "USB2.0_Type-A母座"; VariantName = "[No Variations]"
Add component (AddParameter): Name = "联系卖家 免费技术支持"; Value = "封装库来自淘宝卖家ID：黄晶宝石"; VariantName = "[No Variations]"
Added Component: Designator=USBHUNB4(QFN36)
Added Component: Designator=XT1(XTAL-5032-2P)
Add component (AddParameter): Name = "BOM名称"; Value = "2脚无源晶振(谐振器）"; VariantName = "[No Variations]"
Add component (AddParameter): Name = "联系卖家，免费查找封装"; Value = "唯一出售店铺网址https://shop463601444.taobao.com"; VariantName = "[No Variations]"
Added Pin To Net: NetName=A3.3V Pin=ADC-13
Added Pin To Net: NetName=A3.3V Pin=C1-2
Added Pin To Net: NetName=A3.3V Pin=C2-2
Added Pin To Net: NetName=A3.3V Pin=C44-2
Added Pin To Net: NetName=A3.3V Pin=C45-2
Added Pin To Net: NetName=A3.3V Pin=C46-2
Added Pin To Net: NetName=A3.3V Pin=C47-2
Added Pin To Net: NetName=A3.3V Pin=C48-2
Added Pin To Net: NetName=A3.3V Pin=C49-1
Added Pin To Net: NetName=A3.3V Pin=C50-1
Added Pin To Net: NetName=A3.3V Pin=C51-2
Added Pin To Net: NetName=A3.3V Pin=CAM0-15
Added Pin To Net: NetName=A3.3V Pin=CAM1-15
Added Pin To Net: NetName=A3.3V Pin=CT3-1
Added Pin To Net: NetName=A3.3V Pin=D3-1
Added Pin To Net: NetName=A3.3V Pin=ESD1-5
Added Pin To Net: NetName=A3.3V Pin=ESD2-5
Added Pin To Net: NetName=A3.3V Pin=JTAG-5
Added Pin To Net: NetName=A3.3V Pin=L3-2
Added Pin To Net: NetName=A3.3V Pin=R9-1
Added Pin To Net: NetName=A3.3V Pin=R10-1
Added Pin To Net: NetName=A3.3V Pin=R12-1
Added Pin To Net: NetName=A3.3V Pin=R13-2
Added Pin To Net: NetName=A3.3V Pin=R39-2
Added Pin To Net: NetName=A3.3V Pin=R41-2
Added Pin To Net: NetName=A3.3V Pin=R42-2
Added Pin To Net: NetName=A3.3V Pin=R43-2
Added Pin To Net: NetName=A3.3V Pin=R44-2
Added Pin To Net: NetName=A3.3V Pin=R51-2
Added Pin To Net: NetName=A3.3V Pin=R52-1
Added Pin To Net: NetName=A3.3V Pin=SD-4
Added Pin To Net: NetName=A3.3V Pin=USBHUNB4-5
Added Pin To Net: NetName=A3.3V Pin=USBHUNB4-10
Added Pin To Net: NetName=A3.3V Pin=USBHUNB4-15
Added Pin To Net: NetName=A3.3V Pin=USBHUNB4-23
Added Pin To Net: NetName=A3.3V Pin=USBHUNB4-27
Added Pin To Net: NetName=A3.3V Pin=USBHUNB4-29
Added Pin To Net: NetName=A3.3V Pin=USBHUNB4-36
Added Net: Name=A3.3V
Added Pin To Net: NetName=A5 Pin=C14-2
Added Pin To Net: NetName=A5 Pin=C15-2
Added Pin To Net: NetName=A5 Pin=C16-2
Added Pin To Net: NetName=A5 Pin=C17-2
Added Pin To Net: NetName=A5 Pin=C18-2
Added Pin To Net: NetName=A5 Pin=CT1-1
Added Pin To Net: NetName=A5 Pin=D1-2
Added Pin To Net: NetName=A5 Pin=L1-2
Added Pin To Net: NetName=A5 Pin=R30-2
Added Net: Name=A5
Added Pin To Net: NetName=A5V Pin=ADC-15
Added Pin To Net: NetName=A5V Pin=C2000-C2
Added Pin To Net: NetName=A5V Pin=C2000-C4
Added Pin To Net: NetName=A5V Pin=C2000-C6
Added Pin To Net: NetName=A5V Pin=C2000-C8
Added Pin To Net: NetName=A5V Pin=C2000-C10
Added Pin To Net: NetName=A5V Pin=D1-1
Added Pin To Net: NetName=A5V Pin=FPC-5
Added Pin To Net: NetName=A5V Pin=LINGXIAO-2
Added Pin To Net: NetName=A5V Pin=LINGXIAOB-1
Added Pin To Net: NetName=A5V Pin=LINGXIAOU-1
Added Pin To Net: NetName=A5V Pin=OF-1
Added Pin To Net: NetName=A5V Pin=R26-2
Added Pin To Net: NetName=A5V Pin=RGB-2
Added Pin To Net: NetName=A5V Pin=RGB-4
Added Pin To Net: NetName=A5V Pin=RGB-6
Added Pin To Net: NetName=A5V Pin=SBUS-2
Added Pin To Net: NetName=A5V Pin=TYPE-C-A9
Added Net: Name=A5V
Added Pin To Net: NetName=ADCA0 Pin=C2000-C45
Added Pin To Net: NetName=ADCA0 Pin=ESD1-1
Added Pin To Net: NetName=ADCA0 Pin=R1-1
Added Net: Name=ADCA0
Added Pin To Net: NetName=ADCA1 Pin=C2000-C47
Added Pin To Net: NetName=ADCA1 Pin=ESD1-3
Added Pin To Net: NetName=ADCA1 Pin=R2-1
Added Net: Name=ADCA1
Added Pin To Net: NetName=ADCA2 Pin=C2000-C41
Added Pin To Net: NetName=ADCA2 Pin=ESD1-4
Added Pin To Net: NetName=ADCA2 Pin=R3-1
Added Net: Name=ADCA2
Added Pin To Net: NetName=ADCA3 Pin=C2000-C43
Added Pin To Net: NetName=ADCA3 Pin=ESD1-6
Added Pin To Net: NetName=ADCA3 Pin=R4-1
Added Net: Name=ADCA3
Added Pin To Net: NetName=ADCA4 Pin=C2000-C37
Added Pin To Net: NetName=ADCA4 Pin=ESD2-1
Added Pin To Net: NetName=ADCA4 Pin=R5-1
Added Net: Name=ADCA4
Added Pin To Net: NetName=ADCA5 Pin=C2000-C39
Added Pin To Net: NetName=ADCA5 Pin=ESD2-3
Added Pin To Net: NetName=ADCA5 Pin=R6-1
Added Net: Name=ADCA5
Added Pin To Net: NetName=ADCB0 Pin=C2000-C27
Added Pin To Net: NetName=ADCB0 Pin=ESD2-4
Added Pin To Net: NetName=ADCB0 Pin=R7-1
Added Net: Name=ADCB0
Added Pin To Net: NetName=ADCB1 Pin=C2000-C25
Added Pin To Net: NetName=ADCB1 Pin=ESD2-6
Added Pin To Net: NetName=ADCB1 Pin=R8-1
Added Net: Name=ADCB1
Added Pin To Net: NetName=AGND Pin=ADC-9
Added Pin To Net: NetName=AGND Pin=ADC-10
Added Pin To Net: NetName=AGND Pin=ADC-11
Added Pin To Net: NetName=AGND Pin=ADC-12
Added Pin To Net: NetName=AGND Pin=C2000-C1
Added Pin To Net: NetName=AGND Pin=C2000-C15
Added Pin To Net: NetName=AGND Pin=C2000-C29
Added Pin To Net: NetName=AGND Pin=C2000-C35
Added Pin To Net: NetName=AGND Pin=C2000-C49
Added Pin To Net: NetName=AGND Pin=C2000-C59
Added Net: Name=AGND
Added Pin To Net: NetName=B5 Pin=C29-2
Added Pin To Net: NetName=B5 Pin=C30-2
Added Pin To Net: NetName=B5 Pin=C31-2
Added Pin To Net: NetName=B5 Pin=C32-2
Added Pin To Net: NetName=B5 Pin=C33-2
Added Pin To Net: NetName=B5 Pin=CT2-1
Added Pin To Net: NetName=B5 Pin=D2-2
Added Pin To Net: NetName=B5 Pin=L2-2
Added Pin To Net: NetName=B5 Pin=R35-2
Added Net: Name=B5
Added Pin To Net: NetName=B5V Pin=ADC-16
Added Pin To Net: NetName=B5V Pin=AN-1
Added Pin To Net: NetName=B5V Pin=C54-2
Added Pin To Net: NetName=B5V Pin=CM4A-77
Added Pin To Net: NetName=B5V Pin=CM4A-79
Added Pin To Net: NetName=B5V Pin=CM4A-81
Added Pin To Net: NetName=B5V Pin=CM4A-83
Added Pin To Net: NetName=B5V Pin=CM4A-85
Added Pin To Net: NetName=B5V Pin=CM4A-87
Added Pin To Net: NetName=B5V Pin=D2-1
Added Pin To Net: NetName=B5V Pin=HDMI-18
Added Pin To Net: NetName=B5V Pin=TYPE-C-B9
Added Net: Name=B5V
Added Pin To Net: NetName=CAM0_CLK_N Pin=CAM0-8
Added Pin To Net: NetName=CAM0_CLK_N Pin=CM4A-140
Added Net: Name=CAM0_CLK_N
Added Pin To Net: NetName=CAM0_CLK_P Pin=CAM0-9
Added Pin To Net: NetName=CAM0_CLK_P Pin=CM4A-142
Added Net: Name=CAM0_CLK_P
Added Pin To Net: NetName=CAM0_D0_N Pin=CAM0-2
Added Pin To Net: NetName=CAM0_D0_N Pin=CM4A-128
Added Net: Name=CAM0_D0_N
Added Pin To Net: NetName=CAM0_D0_P Pin=CAM0-3
Added Pin To Net: NetName=CAM0_D0_P Pin=CM4A-130
Added Net: Name=CAM0_D0_P
Added Pin To Net: NetName=CAM0_D1_N Pin=CAM0-5
Added Pin To Net: NetName=CAM0_D1_N Pin=CM4A-134
Added Net: Name=CAM0_D1_N
Added Pin To Net: NetName=CAM0_D1_P Pin=CAM0-6
Added Pin To Net: NetName=CAM0_D1_P Pin=CM4A-136
Added Net: Name=CAM0_D1_P
Added Pin To Net: NetName=CAM1_CLK_N Pin=CAM1-8
Added Pin To Net: NetName=CAM1_CLK_N Pin=CM4A-127
Added Net: Name=CAM1_CLK_N
Added Pin To Net: NetName=CAM1_CLK_P Pin=CAM1-9
Added Pin To Net: NetName=CAM1_CLK_P Pin=CM4A-129
Added Net: Name=CAM1_CLK_P
Added Pin To Net: NetName=CAM1_D0_N Pin=CAM1-2
Added Pin To Net: NetName=CAM1_D0_N Pin=CM4A-115
Added Net: Name=CAM1_D0_N
Added Pin To Net: NetName=CAM1_D0_P Pin=CAM1-3
Added Pin To Net: NetName=CAM1_D0_P Pin=CM4A-117
Added Net: Name=CAM1_D0_P
Added Pin To Net: NetName=CAM1_D1_N Pin=CAM1-5
Added Pin To Net: NetName=CAM1_D1_N Pin=CM4A-121
Added Net: Name=CAM1_D1_N
Added Pin To Net: NetName=CAM1_D1_P Pin=CAM1-6
Added Pin To Net: NetName=CAM1_D1_P Pin=CM4A-123
Added Net: Name=CAM1_D1_P
Added Pin To Net: NetName=CAM_GPIO Pin=CAM0-11
Added Pin To Net: NetName=CAM_GPIO Pin=CAM1-11
Added Pin To Net: NetName=CAM_GPIO Pin=CM4A-97
Added Net: Name=CAM_GPIO
Added Pin To Net: NetName=CCLK Pin=C2000-C24
Added Pin To Net: NetName=CCLK Pin=FPC-2
Added Net: Name=CCLK
Added Pin To Net: NetName=CLK Pin=C2000-A57
Added Pin To Net: NetName=CLK Pin=CM4A-38
Added Net: Name=CLK
Added Pin To Net: NetName=CM4_3V3 Pin=CM4A-78
Added Pin To Net: NetName=CM4_3V3 Pin=CM4A-84
Added Pin To Net: NetName=CM4_3V3 Pin=CM4A-86
Added Pin To Net: NetName=CM4_3V3 Pin=D3-2
Added Net: Name=CM4_3V3
Added Pin To Net: NetName=CSIMO Pin=C2000-C20
Added Pin To Net: NetName=CSIMO Pin=FPC-4
Added Net: Name=CSIMO
Added Pin To Net: NetName=CSOMI Pin=C2000-C22
Added Pin To Net: NetName=CSOMI Pin=FPC-3
Added Net: Name=CSOMI
Added Pin To Net: NetName=CSTE Pin=C2000-C26
Added Pin To Net: NetName=CSTE Pin=FPC-1
Added Net: Name=CSTE
Added Pin To Net: NetName=DM Pin=LINGXIAO-3
Added Pin To Net: NetName=DM Pin=LINGXIAOU-2
Added Net: Name=DM
Added Pin To Net: NetName=DP Pin=LINGXIAO-4
Added Pin To Net: NetName=DP Pin=LINGXIAOU-3
Added Net: Name=DP
Added Pin To Net: NetName=EXTRST Pin=CM4A-100
Added Pin To Net: NetName=EXTRST Pin=USBHUNB4-26
Added Net: Name=EXTRST
Added Pin To Net: NetName=GND Pin=ADC-17
Added Pin To Net: NetName=GND Pin=ADC-18
Added Pin To Net: NetName=GND Pin=AN-2
Added Pin To Net: NetName=GND Pin=C1-1
Added Pin To Net: NetName=GND Pin=C2-1
Added Pin To Net: NetName=GND Pin=C3-1
Added Pin To Net: NetName=GND Pin=C4-1
Added Pin To Net: NetName=GND Pin=C5-1
Added Pin To Net: NetName=GND Pin=C6-1
Added Pin To Net: NetName=GND Pin=C7-1
Added Pin To Net: NetName=GND Pin=C8-1
Added Pin To Net: NetName=GND Pin=C9-1
Added Pin To Net: NetName=GND Pin=C11-1
Added Pin To Net: NetName=GND Pin=C12-1
Added Pin To Net: NetName=GND Pin=C13-1
Added Pin To Net: NetName=GND Pin=C15-1
Added Pin To Net: NetName=GND Pin=C16-1
Added Pin To Net: NetName=GND Pin=C17-1
Added Pin To Net: NetName=GND Pin=C18-1
Added Pin To Net: NetName=GND Pin=C19-1
Added Pin To Net: NetName=GND Pin=C20-1
Added Pin To Net: NetName=GND Pin=C21-1
Added Pin To Net: NetName=GND Pin=C22-1
Added Pin To Net: NetName=GND Pin=C23-1
Added Pin To Net: NetName=GND Pin=C24-1
Added Pin To Net: NetName=GND Pin=C26-1
Added Pin To Net: NetName=GND Pin=C27-1
Added Pin To Net: NetName=GND Pin=C28-1
Added Pin To Net: NetName=GND Pin=C30-1
Added Pin To Net: NetName=GND Pin=C31-1
Added Pin To Net: NetName=GND Pin=C32-1
Added Pin To Net: NetName=GND Pin=C33-1
Added Pin To Net: NetName=GND Pin=C34-1
Added Pin To Net: NetName=GND Pin=C35-1
Added Pin To Net: NetName=GND Pin=C36-1
Added Pin To Net: NetName=GND Pin=C37-1
Added Pin To Net: NetName=GND Pin=C38-1
Added Pin To Net: NetName=GND Pin=C39-1
Added Pin To Net: NetName=GND Pin=C41-1
Added Pin To Net: NetName=GND Pin=C42-1
Added Pin To Net: NetName=GND Pin=C43-1
Added Pin To Net: NetName=GND Pin=C45-1
Added Pin To Net: NetName=GND Pin=C46-1
Added Pin To Net: NetName=GND Pin=C47-1
Added Pin To Net: NetName=GND Pin=C48-1
Added Pin To Net: NetName=GND Pin=C49-2
Added Pin To Net: NetName=GND Pin=C50-2
Added Pin To Net: NetName=GND Pin=C51-1
Added Pin To Net: NetName=GND Pin=C52-1
Added Pin To Net: NetName=GND Pin=C53-1
Added Pin To Net: NetName=GND Pin=C54-1
Added Pin To Net: NetName=GND Pin=C55-1
Added Pin To Net: NetName=GND Pin=C56-1
Added Pin To Net: NetName=GND Pin=C57-1
Added Pin To Net: NetName=GND Pin=C58-1
Added Pin To Net: NetName=GND Pin=C2000-A2
Added Pin To Net: NetName=GND Pin=C2000-A52
Added Pin To Net: NetName=GND Pin=C2000-A60
Added Pin To Net: NetName=GND Pin=C2000-B26
Added Pin To Net: NetName=GND Pin=C2000-B40
Added Pin To Net: NetName=GND Pin=C2000-B45
Added Pin To Net: NetName=GND Pin=C2000-B53
Added Pin To Net: NetName=GND Pin=C2000-B60
Added Pin To Net: NetName=GND Pin=C2000-C12
Added Pin To Net: NetName=GND Pin=C2000-C14
Added Pin To Net: NetName=GND Pin=C2000-C28
Added Pin To Net: NetName=GND Pin=C2000-C34
Added Pin To Net: NetName=GND Pin=C2000-C40
Added Pin To Net: NetName=GND Pin=C2000-C60
Added Pin To Net: NetName=GND Pin=C2000-D6
Added Pin To Net: NetName=GND Pin=C2000-D12
Added Pin To Net: NetName=GND Pin=C2000-D17
Added Pin To Net: NetName=GND Pin=C2000-D28
Added Pin To Net: NetName=GND Pin=C2000-D29
Added Pin To Net: NetName=GND Pin=C2000-D30
Added Pin To Net: NetName=GND Pin=C2000-D35
Added Pin To Net: NetName=GND Pin=C2000-D36
Added Pin To Net: NetName=GND Pin=C2000-D38
Added Pin To Net: NetName=GND Pin=C2000-D42
Added Pin To Net: NetName=GND Pin=C2000-D44
Added Pin To Net: NetName=GND Pin=C2000-D55
Added Pin To Net: NetName=GND Pin=C2000-D58
Added Pin To Net: NetName=GND Pin=C2000-D60
Added Pin To Net: NetName=GND Pin=CAM0-1
Added Pin To Net: NetName=GND Pin=CAM0-4
Added Pin To Net: NetName=GND Pin=CAM0-7
Added Pin To Net: NetName=GND Pin=CAM0-10
Added Pin To Net: NetName=GND Pin=CAM1-1
Added Pin To Net: NetName=GND Pin=CAM1-4
Added Pin To Net: NetName=GND Pin=CAM1-7
Added Pin To Net: NetName=GND Pin=CAM1-10
Added Pin To Net: NetName=GND Pin=CM4A-1
Added Pin To Net: NetName=GND Pin=CM4A-2
Added Pin To Net: NetName=GND Pin=CM4A-7
Added Pin To Net: NetName=GND Pin=CM4A-8
Added Pin To Net: NetName=GND Pin=CM4A-13
Added Pin To Net: NetName=GND Pin=CM4A-14
Added Pin To Net: NetName=GND Pin=CM4A-22
Added Pin To Net: NetName=GND Pin=CM4A-23
Added Pin To Net: NetName=GND Pin=CM4A-32
Added Pin To Net: NetName=GND Pin=CM4A-33
Added Pin To Net: NetName=GND Pin=CM4A-42
Added Pin To Net: NetName=GND Pin=CM4A-43
Added Pin To Net: NetName=GND Pin=CM4A-52
Added Pin To Net: NetName=GND Pin=CM4A-53
Added Pin To Net: NetName=GND Pin=CM4A-59
Added Pin To Net: NetName=GND Pin=CM4A-60
Added Pin To Net: NetName=GND Pin=CM4A-65
Added Pin To Net: NetName=GND Pin=CM4A-66
Added Pin To Net: NetName=GND Pin=CM4A-71
Added Pin To Net: NetName=GND Pin=CM4A-74
Added Pin To Net: NetName=GND Pin=CM4A-98
Added Pin To Net: NetName=GND Pin=CM4A-107
Added Pin To Net: NetName=GND Pin=CM4A-108
Added Pin To Net: NetName=GND Pin=CM4A-113
Added Pin To Net: NetName=GND Pin=CM4A-114
Added Pin To Net: NetName=GND Pin=CM4A-119
Added Pin To Net: NetName=GND Pin=CM4A-120
Added Pin To Net: NetName=GND Pin=CM4A-125
Added Pin To Net: NetName=GND Pin=CM4A-126
Added Pin To Net: NetName=GND Pin=CM4A-131
Added Pin To Net: NetName=GND Pin=CM4A-132
Added Pin To Net: NetName=GND Pin=CM4A-137
Added Pin To Net: NetName=GND Pin=CM4A-138
Added Pin To Net: NetName=GND Pin=CM4A-144
Added Pin To Net: NetName=GND Pin=CM4A-150
Added Pin To Net: NetName=GND Pin=CM4A-155
Added Pin To Net: NetName=GND Pin=CM4A-156
Added Pin To Net: NetName=GND Pin=CM4A-161
Added Pin To Net: NetName=GND Pin=CM4A-162
Added Pin To Net: NetName=GND Pin=CM4A-167
Added Pin To Net: NetName=GND Pin=CM4A-168
Added Pin To Net: NetName=GND Pin=CM4A-173
Added Pin To Net: NetName=GND Pin=CM4A-174
Added Pin To Net: NetName=GND Pin=CM4A-179
Added Pin To Net: NetName=GND Pin=CM4A-180
Added Pin To Net: NetName=GND Pin=CM4A-185
Added Pin To Net: NetName=GND Pin=CM4A-186
Added Pin To Net: NetName=GND Pin=CM4A-191
Added Pin To Net: NetName=GND Pin=CM4A-192
Added Pin To Net: NetName=GND Pin=CM4A-197
Added Pin To Net: NetName=GND Pin=CM4A-198
Added Pin To Net: NetName=GND Pin=CT1-2
Added Pin To Net: NetName=GND Pin=CT2-2
Added Pin To Net: NetName=GND Pin=CT3-2
Added Pin To Net: NetName=GND Pin=CT4-2
Added Pin To Net: NetName=GND Pin=ESD1-2
Added Pin To Net: NetName=GND Pin=ESD2-2
Added Pin To Net: NetName=GND Pin=FPC-0
Added Pin To Net: NetName=GND Pin=FPC-0
Added Pin To Net: NetName=GND Pin=FPC-6
Added Pin To Net: NetName=GND Pin=HDMI-2
Added Pin To Net: NetName=GND Pin=HDMI-5
Added Pin To Net: NetName=GND Pin=HDMI-8
Added Pin To Net: NetName=GND Pin=HDMI-11
Added Pin To Net: NetName=GND Pin=HDMI-17
Added Pin To Net: NetName=GND Pin=JTAG-4
Added Pin To Net: NetName=GND Pin=JTAG-8
Added Pin To Net: NetName=GND Pin=JTAG-10
Added Pin To Net: NetName=GND Pin=JTAG-12
Added Pin To Net: NetName=GND Pin=LINGXIAO-1
Added Pin To Net: NetName=GND Pin=LINGXIAOB-2
Added Pin To Net: NetName=GND Pin=LINGXIAOU-5
Added Pin To Net: NetName=GND Pin=LINGXIAOU-5
Added Pin To Net: NetName=GND Pin=LINGXIAOU-5
Added Pin To Net: NetName=GND Pin=LINGXIAOU-5
Added Pin To Net: NetName=GND Pin=LINGXIAOU-5
Added Pin To Net: NetName=GND Pin=OF-2
Added Pin To Net: NetName=GND Pin=PSU1-7
Added Pin To Net: NetName=GND Pin=PSU1-9
Added Pin To Net: NetName=GND Pin=PSU2-7
Added Pin To Net: NetName=GND Pin=PSU2-9
Added Pin To Net: NetName=GND Pin=PSU3-7
Added Pin To Net: NetName=GND Pin=PSU3-9
Added Pin To Net: NetName=GND Pin=PWMS-3
Added Pin To Net: NetName=GND Pin=PWMS-6
Added Pin To Net: NetName=GND Pin=PWMS-9
Added Pin To Net: NetName=GND Pin=PWMS-12
Added Pin To Net: NetName=GND Pin=PWR-2
Added Pin To Net: NetName=GND Pin=R11-1
Added Pin To Net: NetName=GND Pin=R15-1
Added Pin To Net: NetName=GND Pin=R17-1
Added Pin To Net: NetName=GND Pin=R19-1
Added Pin To Net: NetName=GND Pin=R28-2
Added Pin To Net: NetName=GND Pin=R31-1
Added Pin To Net: NetName=GND Pin=R36-1
Added Pin To Net: NetName=GND Pin=R40-1
Added Pin To Net: NetName=GND Pin=R45-1
Added Pin To Net: NetName=GND Pin=R46-1
Added Pin To Net: NetName=GND Pin=R47-1
Added Pin To Net: NetName=GND Pin=R48-1
Added Pin To Net: NetName=GND Pin=R49-1
Added Pin To Net: NetName=GND Pin=R50-1
Added Pin To Net: NetName=GND Pin=SBUS-1
Added Pin To Net: NetName=GND Pin=SD-6
Added Pin To Net: NetName=GND Pin=SD-10
Added Pin To Net: NetName=GND Pin=SD-10
Added Pin To Net: NetName=GND Pin=SD-10
Added Pin To Net: NetName=GND Pin=SD-10
Added Pin To Net: NetName=GND Pin=SI1-2
Added Pin To Net: NetName=GND Pin=SI2-2
Added Pin To Net: NetName=GND Pin=SI3-2
Added Pin To Net: NetName=GND Pin=SI4-2
Added Pin To Net: NetName=GND Pin=TYPE-C-0
Added Pin To Net: NetName=GND Pin=TYPE-C-0
Added Pin To Net: NetName=GND Pin=TYPE-C-0
Added Pin To Net: NetName=GND Pin=TYPE-C-0
Added Pin To Net: NetName=GND Pin=TYPE-C-A12
Added Pin To Net: NetName=GND Pin=TYPE-C-B12
Added Pin To Net: NetName=GND Pin=USB0-4
Added Pin To Net: NetName=GND Pin=USB0-4
Added Pin To Net: NetName=GND Pin=USB0-4
Added Pin To Net: NetName=GND Pin=USB1-4
Added Pin To Net: NetName=GND Pin=USB1-4
Added Pin To Net: NetName=GND Pin=USB1-4
Added Pin To Net: NetName=GND Pin=USB2-4
Added Pin To Net: NetName=GND Pin=USB2-4
Added Pin To Net: NetName=GND Pin=USB2-4
Added Pin To Net: NetName=GND Pin=USB3-4
Added Pin To Net: NetName=GND Pin=USB3-4
Added Pin To Net: NetName=GND Pin=USB3-4
Added Net: Name=GND
Added Pin To Net: NetName=HD_0N Pin=USB0-2
Added Pin To Net: NetName=HD_0N Pin=USBHUNB4-1
Added Net: Name=HD_0N
Added Pin To Net: NetName=HD_0P Pin=USB0-3
Added Pin To Net: NetName=HD_0P Pin=USBHUNB4-2
Added Net: Name=HD_0P
Added Pin To Net: NetName=HD_1N Pin=USB1-2
Added Pin To Net: NetName=HD_1N Pin=USBHUNB4-3
Added Net: Name=HD_1N
Added Pin To Net: NetName=HD_1P Pin=USB1-3
Added Pin To Net: NetName=HD_1P Pin=USBHUNB4-4
Added Net: Name=HD_1P
Added Pin To Net: NetName=HD_2N Pin=USB2-2
Added Pin To Net: NetName=HD_2N Pin=USBHUNB4-6
Added Net: Name=HD_2N
Added Pin To Net: NetName=HD_2P Pin=USB2-3
Added Pin To Net: NetName=HD_2P Pin=USBHUNB4-7
Added Net: Name=HD_2P
Added Pin To Net: NetName=HD_3N Pin=USB3-2
Added Pin To Net: NetName=HD_3N Pin=USBHUNB4-8
Added Net: Name=HD_3N
Added Pin To Net: NetName=HD_3P Pin=USB3-3
Added Pin To Net: NetName=HD_3P Pin=USBHUNB4-9
Added Net: Name=HD_3P
Added Pin To Net: NetName=HDMI0_CEC Pin=CM4A-151
Added Pin To Net: NetName=HDMI0_CEC Pin=HDMI-13
Added Net: Name=HDMI0_CEC
Added Pin To Net: NetName=HDMI0_CLK_N Pin=CM4A-190
Added Pin To Net: NetName=HDMI0_CLK_N Pin=HDMI-12
Added Net: Name=HDMI0_CLK_N
Added Pin To Net: NetName=HDMI0_CLK_P Pin=CM4A-188
Added Pin To Net: NetName=HDMI0_CLK_P Pin=HDMI-10
Added Net: Name=HDMI0_CLK_P
Added Pin To Net: NetName=HDMI0_HOTPLUG Pin=CM4A-153
Added Pin To Net: NetName=HDMI0_HOTPLUG Pin=HDMI-19
Added Net: Name=HDMI0_HOTPLUG
Added Pin To Net: NetName=HDMI0_SCL Pin=CM4A-200
Added Pin To Net: NetName=HDMI0_SCL Pin=HDMI-15
Added Net: Name=HDMI0_SCL
Added Pin To Net: NetName=HDMI0_SDA Pin=CM4A-199
Added Pin To Net: NetName=HDMI0_SDA Pin=HDMI-16
Added Net: Name=HDMI0_SDA
Added Pin To Net: NetName=HDMI0_TX0_N Pin=CM4A-184
Added Pin To Net: NetName=HDMI0_TX0_N Pin=HDMI-9
Added Net: Name=HDMI0_TX0_N
Added Pin To Net: NetName=HDMI0_TX0_P Pin=CM4A-182
Added Pin To Net: NetName=HDMI0_TX0_P Pin=HDMI-7
Added Net: Name=HDMI0_TX0_P
Added Pin To Net: NetName=HDMI0_TX1_N Pin=CM4A-178
Added Pin To Net: NetName=HDMI0_TX1_N Pin=HDMI-6
Added Net: Name=HDMI0_TX1_N
Added Pin To Net: NetName=HDMI0_TX1_P Pin=CM4A-176
Added Pin To Net: NetName=HDMI0_TX1_P Pin=HDMI-4
Added Net: Name=HDMI0_TX1_P
Added Pin To Net: NetName=HDMI0_TX2_N Pin=CM4A-172
Added Pin To Net: NetName=HDMI0_TX2_N Pin=HDMI-3
Added Net: Name=HDMI0_TX2_N
Added Pin To Net: NetName=HDMI0_TX2_P Pin=CM4A-170
Added Pin To Net: NetName=HDMI0_TX2_P Pin=HDMI-1
Added Net: Name=HDMI0_TX2_P
Added Pin To Net: NetName=NetADC_1 Pin=ADC-1
Added Pin To Net: NetName=NetADC_1 Pin=R1-2
Added Net: Name=NetADC_1
Added Pin To Net: NetName=NetADC_2 Pin=ADC-2
Added Pin To Net: NetName=NetADC_2 Pin=R2-2
Added Net: Name=NetADC_2
Added Pin To Net: NetName=NetADC_3 Pin=ADC-3
Added Pin To Net: NetName=NetADC_3 Pin=R3-2
Added Net: Name=NetADC_3
Added Pin To Net: NetName=NetADC_4 Pin=ADC-4
Added Pin To Net: NetName=NetADC_4 Pin=R4-2
Added Net: Name=NetADC_4
Added Pin To Net: NetName=NetADC_5 Pin=ADC-5
Added Pin To Net: NetName=NetADC_5 Pin=R5-2
Added Net: Name=NetADC_5
Added Pin To Net: NetName=NetADC_6 Pin=ADC-6
Added Pin To Net: NetName=NetADC_6 Pin=R6-2
Added Net: Name=NetADC_6
Added Pin To Net: NetName=NetADC_7 Pin=ADC-7
Added Pin To Net: NetName=NetADC_7 Pin=R7-2
Added Net: Name=NetADC_7
Added Pin To Net: NetName=NetADC_8 Pin=ADC-8
Added Pin To Net: NetName=NetADC_8 Pin=R8-2
Added Net: Name=NetADC_8
Added Pin To Net: NetName=NetAN_5 Pin=AN-5
Added Pin To Net: NetName=NetAN_5 Pin=R50-2
Added Net: Name=NetAN_5
Added Pin To Net: NetName=NetC10_1 Pin=C10-1
Added Pin To Net: NetName=NetC10_1 Pin=PSU1-1
Added Net: Name=NetC10_1
Added Pin To Net: NetName=NetC10_2 Pin=C10-2
Added Pin To Net: NetName=NetC10_2 Pin=R32-1
Added Net: Name=NetC10_2
Added Pin To Net: NetName=NetC11_2 Pin=C11-2
Added Pin To Net: NetName=NetC11_2 Pin=PSU1-4
Added Net: Name=NetC11_2
Added Pin To Net: NetName=NetC12_2 Pin=C12-2
Added Pin To Net: NetName=NetC12_2 Pin=PSU1-6
Added Pin To Net: NetName=NetC12_2 Pin=R29-2
Added Net: Name=NetC12_2
Added Pin To Net: NetName=NetC13_2 Pin=C13-2
Added Pin To Net: NetName=NetC13_2 Pin=R29-1
Added Net: Name=NetC13_2
Added Pin To Net: NetName=NetC14_1 Pin=C14-1
Added Pin To Net: NetName=NetC14_1 Pin=PSU1-5
Added Pin To Net: NetName=NetC14_1 Pin=R30-1
Added Pin To Net: NetName=NetC14_1 Pin=R31-2
Added Net: Name=NetC14_1
Added Pin To Net: NetName=NetC25_1 Pin=C25-1
Added Pin To Net: NetName=NetC25_1 Pin=PSU2-1
Added Net: Name=NetC25_1
Added Pin To Net: NetName=NetC25_2 Pin=C25-2
Added Pin To Net: NetName=NetC25_2 Pin=R33-1
Added Net: Name=NetC25_2
Added Pin To Net: NetName=NetC26_2 Pin=C26-2
Added Pin To Net: NetName=NetC26_2 Pin=PSU2-4
Added Net: Name=NetC26_2
Added Pin To Net: NetName=NetC27_2 Pin=C27-2
Added Pin To Net: NetName=NetC27_2 Pin=PSU2-6
Added Pin To Net: NetName=NetC27_2 Pin=R34-2
Added Net: Name=NetC27_2
Added Pin To Net: NetName=NetC28_2 Pin=C28-2
Added Pin To Net: NetName=NetC28_2 Pin=R34-1
Added Net: Name=NetC28_2
Added Pin To Net: NetName=NetC29_1 Pin=C29-1
Added Pin To Net: NetName=NetC29_1 Pin=PSU2-5
Added Pin To Net: NetName=NetC29_1 Pin=R35-1
Added Pin To Net: NetName=NetC29_1 Pin=R36-2
Added Net: Name=NetC29_1
Added Pin To Net: NetName=NetC40_1 Pin=C40-1
Added Pin To Net: NetName=NetC40_1 Pin=PSU3-1
Added Net: Name=NetC40_1
Added Pin To Net: NetName=NetC40_2 Pin=C40-2
Added Pin To Net: NetName=NetC40_2 Pin=R37-1
Added Net: Name=NetC40_2
Added Pin To Net: NetName=NetC41_2 Pin=C41-2
Added Pin To Net: NetName=NetC41_2 Pin=PSU3-4
Added Net: Name=NetC41_2
Added Pin To Net: NetName=NetC42_2 Pin=C42-2
Added Pin To Net: NetName=NetC42_2 Pin=PSU3-6
Added Pin To Net: NetName=NetC42_2 Pin=R38-2
Added Net: Name=NetC42_2
Added Pin To Net: NetName=NetC43_2 Pin=C43-2
Added Pin To Net: NetName=NetC43_2 Pin=R38-1
Added Net: Name=NetC43_2
Added Pin To Net: NetName=NetC44_1 Pin=C44-1
Added Pin To Net: NetName=NetC44_1 Pin=PSU3-5
Added Pin To Net: NetName=NetC44_1 Pin=R39-1
Added Pin To Net: NetName=NetC44_1 Pin=R40-2
Added Net: Name=NetC44_1
Added Pin To Net: NetName=NetC52_2 Pin=C52-2
Added Pin To Net: NetName=NetC52_2 Pin=USBHUNB4-33
Added Pin To Net: NetName=NetC52_2 Pin=XT1-1
Added Net: Name=NetC52_2
Added Pin To Net: NetName=NetC53_2 Pin=C53-2
Added Pin To Net: NetName=NetC53_2 Pin=USBHUNB4-32
Added Pin To Net: NetName=NetC53_2 Pin=XT1-2
Added Net: Name=NetC53_2
Added Pin To Net: NetName=NetCM4A_21 Pin=CM4A-21
Added Pin To Net: NetName=NetCM4A_21 Pin=LED1-2
Added Net: Name=NetCM4A_21
Added Pin To Net: NetName=NetCM4A_95 Pin=CM4A-95
Added Pin To Net: NetName=NetCM4A_95 Pin=LED2-1
Added Net: Name=NetCM4A_95
Added Pin To Net: NetName=NetJTAG_13 Pin=JTAG-13
Added Pin To Net: NetName=NetJTAG_13 Pin=R10-2
Added Net: Name=NetJTAG_13
Added Pin To Net: NetName=NetJTAG_14 Pin=JTAG-14
Added Pin To Net: NetName=NetJTAG_14 Pin=R9-2
Added Net: Name=NetJTAG_14
Added Pin To Net: NetName=NetL1_1 Pin=L1-1
Added Pin To Net: NetName=NetL1_1 Pin=PSU1-8
Added Pin To Net: NetName=NetL1_1 Pin=R32-2
Added Net: Name=NetL1_1
Added Pin To Net: NetName=NetL2_1 Pin=L2-1
Added Pin To Net: NetName=NetL2_1 Pin=PSU2-8
Added Pin To Net: NetName=NetL2_1 Pin=R33-2
Added Net: Name=NetL2_1
Added Pin To Net: NetName=NetL3_1 Pin=L3-1
Added Pin To Net: NetName=NetL3_1 Pin=PSU3-8
Added Pin To Net: NetName=NetL3_1 Pin=R37-2
Added Net: Name=NetL3_1
Added Pin To Net: NetName=NetLED1_1 Pin=LED1-1
Added Pin To Net: NetName=NetLED1_1 Pin=R52-2
Added Net: Name=NetLED1_1
Added Pin To Net: NetName=NetLED2_2 Pin=LED2-2
Added Pin To Net: NetName=NetLED2_2 Pin=R51-1
Added Net: Name=NetLED2_2
Added Pin To Net: NetName=NetR14_1 Pin=R14-1
Added Pin To Net: NetName=NetR14_1 Pin=R15-2
Added Pin To Net: NetName=NetR14_1 Pin=SI1-1
Added Net: Name=NetR14_1
Added Pin To Net: NetName=NetR16_1 Pin=R16-1
Added Pin To Net: NetName=NetR16_1 Pin=R17-2
Added Pin To Net: NetName=NetR16_1 Pin=SI2-1
Added Net: Name=NetR16_1
Added Pin To Net: NetName=NetR18_1 Pin=R18-1
Added Pin To Net: NetName=NetR18_1 Pin=R19-2
Added Pin To Net: NetName=NetR18_1 Pin=SI3-1
Added Net: Name=NetR18_1
Added Pin To Net: NetName=NetR20_1 Pin=R20-1
Added Pin To Net: NetName=NetR20_1 Pin=R21-1
Added Pin To Net: NetName=NetR20_1 Pin=RGB-1
Added Net: Name=NetR20_1
Added Pin To Net: NetName=NetR20_2 Pin=R20-2
Added Pin To Net: NetName=NetR20_2 Pin=R21-2
Added Pin To Net: NetName=NetR20_2 Pin=SI1-3
Added Net: Name=NetR20_2
Added Pin To Net: NetName=NetR22_1 Pin=R22-1
Added Pin To Net: NetName=NetR22_1 Pin=R23-1
Added Pin To Net: NetName=NetR22_1 Pin=RGB-3
Added Net: Name=NetR22_1
Added Pin To Net: NetName=NetR22_2 Pin=R22-2
Added Pin To Net: NetName=NetR22_2 Pin=R23-2
Added Pin To Net: NetName=NetR22_2 Pin=SI2-3
Added Net: Name=NetR22_2
Added Pin To Net: NetName=NetR24_1 Pin=R24-1
Added Pin To Net: NetName=NetR24_1 Pin=R25-1
Added Pin To Net: NetName=NetR24_1 Pin=RGB-5
Added Net: Name=NetR24_1
Added Pin To Net: NetName=NetR24_2 Pin=R24-2
Added Pin To Net: NetName=NetR24_2 Pin=R25-2
Added Pin To Net: NetName=NetR24_2 Pin=SI3-3
Added Net: Name=NetR24_2
Added Pin To Net: NetName=NetR27_1 Pin=R27-1
Added Pin To Net: NetName=NetR27_1 Pin=R28-1
Added Pin To Net: NetName=NetR27_1 Pin=SI4-1
Added Net: Name=NetR27_1
Added Pin To Net: NetName=NetR27_2 Pin=R27-2
Added Pin To Net: NetName=NetR27_2 Pin=SBUS-3
Added Net: Name=NetR27_2
Added Pin To Net: NetName=NetR45_2 Pin=R45-2
Added Pin To Net: NetName=NetR45_2 Pin=USBHUNB4-35
Added Net: Name=NetR45_2
Added Pin To Net: NetName=NetR46_2 Pin=R46-2
Added Pin To Net: NetName=NetR46_2 Pin=USBHUNB4-25
Added Net: Name=NetR46_2
Added Pin To Net: NetName=NetR47_2 Pin=R47-2
Added Pin To Net: NetName=NetR47_2 Pin=USBHUNB4-28
Added Net: Name=NetR47_2
Added Pin To Net: NetName=NetR48_2 Pin=R48-2
Added Pin To Net: NetName=NetR48_2 Pin=USBHUNB4-22
Added Net: Name=NetR48_2
Added Pin To Net: NetName=NetR49_2 Pin=R49-2
Added Pin To Net: NetName=NetR49_2 Pin=USBHUNB4-24
Added Net: Name=NetR49_2
Added Pin To Net: NetName=OCS1 Pin=AN-4
Added Pin To Net: NetName=OCS1 Pin=USBHUNB4-13
Added Pin To Net: NetName=OCS1 Pin=USBHUNB4-17
Added Pin To Net: NetName=OCS1 Pin=USBHUNB4-19
Added Pin To Net: NetName=OCS1 Pin=USBHUNB4-21
Added Net: Name=OCS1
Added Pin To Net: NetName=PWM1 Pin=C2000-A18
Added Pin To Net: NetName=PWM1 Pin=PWMS-1
Added Net: Name=PWM1
Added Pin To Net: NetName=PWM2 Pin=C2000-A22
Added Pin To Net: NetName=PWM2 Pin=PWMS-4
Added Net: Name=PWM2
Added Pin To Net: NetName=PWM3 Pin=C2000-A26
Added Pin To Net: NetName=PWM3 Pin=PWMS-7
Added Net: Name=PWM3
Added Pin To Net: NetName=PWM4 Pin=C2000-A30
Added Pin To Net: NetName=PWM4 Pin=PWMS-10
Added Net: Name=PWM4
Added Pin To Net: NetName=PWM_B Pin=C2000-A14
Added Pin To Net: NetName=PWM_B Pin=R14-2
Added Net: Name=PWM_B
Added Pin To Net: NetName=PWM_G Pin=C2000-A10
Added Pin To Net: NetName=PWM_G Pin=R18-2
Added Net: Name=PWM_G
Added Pin To Net: NetName=PWM_R Pin=C2000-A6
Added Pin To Net: NetName=PWM_R Pin=R16-2
Added Net: Name=PWM_R
Added Pin To Net: NetName=PWR1 Pin=AN-3
Added Pin To Net: NetName=PWR1 Pin=USBHUNB4-12
Added Net: Name=PWR1
Added Pin To Net: NetName=PWR_IN Pin=ADC-14
Added Pin To Net: NetName=PWR_IN Pin=C4-2
Added Pin To Net: NetName=PWR_IN Pin=C5-2
Added Pin To Net: NetName=PWR_IN Pin=C6-2
Added Pin To Net: NetName=PWR_IN Pin=C7-2
Added Pin To Net: NetName=PWR_IN Pin=C8-2
Added Pin To Net: NetName=PWR_IN Pin=C9-2
Added Pin To Net: NetName=PWR_IN Pin=C19-2
Added Pin To Net: NetName=PWR_IN Pin=C20-2
Added Pin To Net: NetName=PWR_IN Pin=C21-2
Added Pin To Net: NetName=PWR_IN Pin=C22-2
Added Pin To Net: NetName=PWR_IN Pin=C23-2
Added Pin To Net: NetName=PWR_IN Pin=C24-2
Added Pin To Net: NetName=PWR_IN Pin=C34-2
Added Pin To Net: NetName=PWR_IN Pin=C35-2
Added Pin To Net: NetName=PWR_IN Pin=C36-2
Added Pin To Net: NetName=PWR_IN Pin=C37-2
Added Pin To Net: NetName=PWR_IN Pin=C38-2
Added Pin To Net: NetName=PWR_IN Pin=C39-2
Added Pin To Net: NetName=PWR_IN Pin=PSU1-2
Added Pin To Net: NetName=PWR_IN Pin=PSU1-3
Added Pin To Net: NetName=PWR_IN Pin=PSU2-2
Added Pin To Net: NetName=PWR_IN Pin=PSU2-3
Added Pin To Net: NetName=PWR_IN Pin=PSU3-2
Added Pin To Net: NetName=PWR_IN Pin=PSU3-3
Added Pin To Net: NetName=PWR_IN Pin=PWR-1
Added Net: Name=PWR_IN
Added Pin To Net: NetName=RST Pin=C3-2
Added Pin To Net: NetName=RST Pin=C2000-D34
Added Pin To Net: NetName=RST Pin=R13-1
Added Net: Name=RST
Added Pin To Net: NetName=RXA Pin=C2000-D13
Added Pin To Net: NetName=RXA Pin=LINGXIAO-5
Added Net: Name=RXA
Added Pin To Net: NetName=RXB Pin=C2000-B41
Added Pin To Net: NetName=RXB Pin=CM4A-55
Added Net: Name=RXB
Added Pin To Net: NetName=RXC Pin=C2000-B22
Added Pin To Net: NetName=RXC Pin=OF-4
Added Net: Name=RXC
Added Pin To Net: NetName=RXD Pin=C2000-B49
Added Pin To Net: NetName=RXD Pin=R26-1
Added Pin To Net: NetName=RXD Pin=SI4-3
Added Net: Name=RXD
Added Pin To Net: NetName=RXLING Pin=LINGXIAO-8
Added Pin To Net: NetName=RXLING Pin=LINGXIAOB-4
Added Net: Name=RXLING
Added Pin To Net: NetName=SCL0 Pin=CAM0-13
Added Pin To Net: NetName=SCL0 Pin=CM4A-80
Added Pin To Net: NetName=SCL0 Pin=R42-1
Added Net: Name=SCL0
Added Pin To Net: NetName=SCL1 Pin=CAM1-13
Added Pin To Net: NetName=SCL1 Pin=CM4A-35
Added Pin To Net: NetName=SCL1 Pin=R44-1
Added Net: Name=SCL1
Added Pin To Net: NetName=SCL Pin=C2000-B20
Added Pin To Net: NetName=SCL Pin=CM4A-56
Added Net: Name=SCL
Added Pin To Net: NetName=SD_CLK Pin=CM4A-57
Added Pin To Net: NetName=SD_CLK Pin=SD-5
Added Net: Name=SD_CLK
Added Pin To Net: NetName=SD_CMD Pin=CM4A-62
Added Pin To Net: NetName=SD_CMD Pin=SD-3
Added Net: Name=SD_CMD
Added Pin To Net: NetName=SD_DAT0 Pin=CM4A-63
Added Pin To Net: NetName=SD_DAT0 Pin=SD-7
Added Net: Name=SD_DAT0
Added Pin To Net: NetName=SD_DAT1 Pin=CM4A-67
Added Pin To Net: NetName=SD_DAT1 Pin=SD-8
Added Net: Name=SD_DAT1
Added Pin To Net: NetName=SD_DAT2 Pin=CM4A-69
Added Pin To Net: NetName=SD_DAT2 Pin=SD-1
Added Net: Name=SD_DAT2
Added Pin To Net: NetName=SD_DAT3 Pin=CM4A-61
Added Pin To Net: NetName=SD_DAT3 Pin=SD-2
Added Net: Name=SD_DAT3
Added Pin To Net: NetName=SDA0 Pin=CAM0-14
Added Pin To Net: NetName=SDA0 Pin=CM4A-82
Added Pin To Net: NetName=SDA0 Pin=R41-1
Added Net: Name=SDA0
Added Pin To Net: NetName=SDA1 Pin=CAM1-14
Added Pin To Net: NetName=SDA1 Pin=CM4A-36
Added Pin To Net: NetName=SDA1 Pin=R43-1
Added Net: Name=SDA1
Added Pin To Net: NetName=SDA Pin=C2000-B18
Added Pin To Net: NetName=SDA Pin=CM4A-58
Added Net: Name=SDA
Added Pin To Net: NetName=SIMO Pin=C2000-A53
Added Pin To Net: NetName=SIMO Pin=CM4A-44
Added Net: Name=SIMO
Added Pin To Net: NetName=SOMI Pin=C2000-A59
Added Pin To Net: NetName=SOMI Pin=CM4A-40
Added Net: Name=SOMI
Added Pin To Net: NetName=STE Pin=C2000-A55
Added Pin To Net: NetName=STE Pin=CM4A-39
Added Net: Name=STE
Added Pin To Net: NetName=TCK Pin=C2000-D27
Added Pin To Net: NetName=TCK Pin=JTAG-9
Added Pin To Net: NetName=TCK Pin=JTAG-11
Added Pin To Net: NetName=TCK Pin=R12-2
Added Net: Name=TCK
Added Pin To Net: NetName=TDI Pin=C2000-D19
Added Pin To Net: NetName=TDI Pin=JTAG-3
Added Net: Name=TDI
Added Pin To Net: NetName=TDO Pin=C2000-D25
Added Pin To Net: NetName=TDO Pin=JTAG-7
Added Net: Name=TDO
Added Pin To Net: NetName=TMS Pin=C2000-D21
Added Pin To Net: NetName=TMS Pin=JTAG-1
Added Net: Name=TMS
Added Pin To Net: NetName=TRST Pin=C2000-D23
Added Pin To Net: NetName=TRST Pin=JTAG-2
Added Pin To Net: NetName=TRST Pin=R11-2
Added Net: Name=TRST
Added Pin To Net: NetName=TXA Pin=C2000-D11
Added Pin To Net: NetName=TXA Pin=LINGXIAO-6
Added Net: Name=TXA
Added Pin To Net: NetName=TXB Pin=C2000-B43
Added Pin To Net: NetName=TXB Pin=CM4A-51
Added Net: Name=TXB
Added Pin To Net: NetName=TXC Pin=C2000-B24
Added Pin To Net: NetName=TXC Pin=OF-3
Added Net: Name=TXC
Added Pin To Net: NetName=TXLING Pin=LINGXIAO-7
Added Pin To Net: NetName=TXLING Pin=LINGXIAOB-3
Added Net: Name=TXLING
Added Pin To Net: NetName=USB0_N Pin=CM4A-103
Added Pin To Net: NetName=USB0_N Pin=USBHUNB4-30
Added Net: Name=USB0_N
Added Pin To Net: NetName=USB0_P Pin=CM4A-105
Added Pin To Net: NetName=USB0_P Pin=USBHUNB4-31
Added Net: Name=USB0_P
Added Pin To Net: NetName=VBAT Pin=AN-6
Added Pin To Net: NetName=VBAT Pin=C55-2
Added Pin To Net: NetName=VBAT Pin=C56-2
Added Pin To Net: NetName=VBAT Pin=C57-2
Added Pin To Net: NetName=VBAT Pin=C58-2
Added Pin To Net: NetName=VBAT Pin=CT4-1
Added Pin To Net: NetName=VBAT Pin=USB0-1
Added Pin To Net: NetName=VBAT Pin=USB1-1
Added Pin To Net: NetName=VBAT Pin=USB2-1
Added Pin To Net: NetName=VBAT Pin=USB3-1
Added Net: Name=VBAT
Added Member To Class: ClassName=GD2 Member=Component ADC ADCMOD
Added Member To Class: ClassName=GD2 Member=Component AN AP22653
Added Member To Class: ClassName=GD2 Member=Component C1 0.1UF/50V
Added Member To Class: ClassName=GD2 Member=Component C2 0.1UF/50V
Added Member To Class: ClassName=GD2 Member=Component C3 0.1UF
Added Member To Class: ClassName=GD2 Member=Component C4 10UF35V
Added Member To Class: ClassName=GD2 Member=Component C5 10UF35V
Added Member To Class: ClassName=GD2 Member=Component C6 10UF35V
Added Member To Class: ClassName=GD2 Member=Component C7 10UF35V
Added Member To Class: ClassName=GD2 Member=Component C8 10UF35V
Added Member To Class: ClassName=GD2 Member=Component C9 10UF35V
Added Member To Class: ClassName=GD2 Member=Component C10 100NF
Added Member To Class: ClassName=GD2 Member=Component C11 100NF
Added Member To Class: ClassName=GD2 Member=Component C12 1NF
Added Member To Class: ClassName=GD2 Member=Component C13 1.2NF
Added Member To Class: ClassName=GD2 Member=Component C14 1NF
Added Member To Class: ClassName=GD2 Member=Component C15 10UF
Added Member To Class: ClassName=GD2 Member=Component C16 10UF
Added Member To Class: ClassName=GD2 Member=Component C17 10UF
Added Member To Class: ClassName=GD2 Member=Component C18 10UF
Added Member To Class: ClassName=GD2 Member=Component C19 10UF35V
Added Member To Class: ClassName=GD2 Member=Component C20 10UF35V
Added Member To Class: ClassName=GD2 Member=Component C21 10UF35V
Added Member To Class: ClassName=GD2 Member=Component C22 10UF35V
Added Member To Class: ClassName=GD2 Member=Component C23 10UF35V
Added Member To Class: ClassName=GD2 Member=Component C24 10UF35V
Added Member To Class: ClassName=GD2 Member=Component C25 100NF
Added Member To Class: ClassName=GD2 Member=Component C26 100NF
Added Member To Class: ClassName=GD2 Member=Component C27 1NF
Added Member To Class: ClassName=GD2 Member=Component C28 1.2NF
Added Member To Class: ClassName=GD2 Member=Component C29 1NF
Added Member To Class: ClassName=GD2 Member=Component C30 10UF
Added Member To Class: ClassName=GD2 Member=Component C31 10UF
Added Member To Class: ClassName=GD2 Member=Component C32 10UF
Added Member To Class: ClassName=GD2 Member=Component C33 10UF
Added Member To Class: ClassName=GD2 Member=Component C34 10UF35V
Added Member To Class: ClassName=GD2 Member=Component C35 10UF35V
Added Member To Class: ClassName=GD2 Member=Component C36 10UF35V
Added Member To Class: ClassName=GD2 Member=Component C37 10UF35V
Added Member To Class: ClassName=GD2 Member=Component C38 10UF35V
Added Member To Class: ClassName=GD2 Member=Component C39 10UF35V
Added Member To Class: ClassName=GD2 Member=Component C40 100NF
Added Member To Class: ClassName=GD2 Member=Component C41 100NF
Added Member To Class: ClassName=GD2 Member=Component C42 1NF
Added Member To Class: ClassName=GD2 Member=Component C43 1.2NF
Added Member To Class: ClassName=GD2 Member=Component C44 1NF
Added Member To Class: ClassName=GD2 Member=Component C45 10UF
Added Member To Class: ClassName=GD2 Member=Component C46 10UF
Added Member To Class: ClassName=GD2 Member=Component C47 10UF
Added Member To Class: ClassName=GD2 Member=Component C48 10UF
Added Member To Class: ClassName=GD2 Member=Component C49 0.1UF
Added Member To Class: ClassName=GD2 Member=Component C50 0.1UF
Added Member To Class: ClassName=GD2 Member=Component C51 0.1UF
Added Member To Class: ClassName=GD2 Member=Component C52 27PF
Added Member To Class: ClassName=GD2 Member=Component C53 27PF
Added Member To Class: ClassName=GD2 Member=Component C54 10UF
Added Member To Class: ClassName=GD2 Member=Component C55 10UF
Added Member To Class: ClassName=GD2 Member=Component C56 10UF
Added Member To Class: ClassName=GD2 Member=Component C57 10UF
Added Member To Class: ClassName=GD2 Member=Component C58 10UF
Added Member To Class: ClassName=GD2 Member=Component C2000 28379D
Added Member To Class: ClassName=GD2 Member=Component CAM0 CON-15P
Added Member To Class: ClassName=GD2 Member=Component CAM1 CON-15P
Added Member To Class: ClassName=GD2 Member=Component CM4A CM4
Added Member To Class: ClassName=GD2 Member=Component CT1 100uF/6.3V
Added Member To Class: ClassName=GD2 Member=Component CT2 100uF/6.3V
Added Member To Class: ClassName=GD2 Member=Component CT3 100uF/6.3V
Added Member To Class: ClassName=GD2 Member=Component CT4 100uF/6.3V
Added Member To Class: ClassName=GD2 Member=Component D1 IN5822
Added Member To Class: ClassName=GD2 Member=Component D2 IN5822
Added Member To Class: ClassName=GD2 Member=Component D3 IN5822
Added Member To Class: ClassName=GD2 Member=Component ESD1 NUP4201MR6U7
Added Member To Class: ClassName=GD2 Member=Component ESD2 NUP4201MR6U7
Added Member To Class: ClassName=GD2 Member=Component FPC CON-6P
Added Member To Class: ClassName=GD2 Member=Component HDMI
Added Member To Class: ClassName=GD2 Member=Component JTAG
Added Member To Class: ClassName=GD2 Member=Component L1 SRN6045TA-3R3Y
Added Member To Class: ClassName=GD2 Member=Component L2 SRN6045TA-3R3Y
Added Member To Class: ClassName=GD2 Member=Component L3 SRN6045TA-3R3Y
Added Member To Class: ClassName=GD2 Member=Component LED1
Added Member To Class: ClassName=GD2 Member=Component LED2
Added Member To Class: ClassName=GD2 Member=Component LINGXIAOB GH4P
Added Member To Class: ClassName=GD2 Member=Component LINGXIAO
Added Member To Class: ClassName=GD2 Member=Component LINGXIAOU USB
Added Member To Class: ClassName=GD2 Member=Component OF GH4P
Added Member To Class: ClassName=GD2 Member=Component PSU1 AP64501SP-13
Added Member To Class: ClassName=GD2 Member=Component PSU2 AP64501SP-13
Added Member To Class: ClassName=GD2 Member=Component PSU3 AP64501SP-13
Added Member To Class: ClassName=GD2 Member=Component PWMS PWM4P
Added Member To Class: ClassName=GD2 Member=Component PWR HDR-1X2
Added Member To Class: ClassName=GD2 Member=Component R1 100K
Added Member To Class: ClassName=GD2 Member=Component R2 100K
Added Member To Class: ClassName=GD2 Member=Component R3 100K
Added Member To Class: ClassName=GD2 Member=Component R4 100K
Added Member To Class: ClassName=GD2 Member=Component R5 100K
Added Member To Class: ClassName=GD2 Member=Component R6 100K
Added Member To Class: ClassName=GD2 Member=Component R7 100K
Added Member To Class: ClassName=GD2 Member=Component R8 100K
Added Member To Class: ClassName=GD2 Member=Component R9 4.7K
Added Member To Class: ClassName=GD2 Member=Component R10 4.7K
Added Member To Class: ClassName=GD2 Member=Component R11 2.2k
Added Member To Class: ClassName=GD2 Member=Component R12 2.2k
Added Member To Class: ClassName=GD2 Member=Component R13 4.7K
Added Member To Class: ClassName=GD2 Member=Component R14 1K
Added Member To Class: ClassName=GD2 Member=Component R15 10K
Added Member To Class: ClassName=GD2 Member=Component R16 1K
Added Member To Class: ClassName=GD2 Member=Component R17 10K
Added Member To Class: ClassName=GD2 Member=Component R18 1K
Added Member To Class: ClassName=GD2 Member=Component R19 10K
Added Member To Class: ClassName=GD2 Member=Component R20 50
Added Member To Class: ClassName=GD2 Member=Component R21 50
Added Member To Class: ClassName=GD2 Member=Component R22 50
Added Member To Class: ClassName=GD2 Member=Component R23 50
Added Member To Class: ClassName=GD2 Member=Component R24 50
Added Member To Class: ClassName=GD2 Member=Component R25 50
Added Member To Class: ClassName=GD2 Member=Component R26 10K
Added Member To Class: ClassName=GD2 Member=Component R27 1K
Added Member To Class: ClassName=GD2 Member=Component R28 10K
Added Member To Class: ClassName=GD2 Member=Component R29 20K1%
Added Member To Class: ClassName=GD2 Member=Component R30 12K1%
Added Member To Class: ClassName=GD2 Member=Component R31 2.2K1%
Added Member To Class: ClassName=GD2 Member=Component R32 10
Added Member To Class: ClassName=GD2 Member=Component R33 10
Added Member To Class: ClassName=GD2 Member=Component R34 20K1%
Added Member To Class: ClassName=GD2 Member=Component R35 12K1%
Added Member To Class: ClassName=GD2 Member=Component R36 2.2K1%
Added Member To Class: ClassName=GD2 Member=Component R37 10
Added Member To Class: ClassName=GD2 Member=Component R38 12K1%
Added Member To Class: ClassName=GD2 Member=Component R39 47K1%
Added Member To Class: ClassName=GD2 Member=Component R40 15K1%
Added Member To Class: ClassName=GD2 Member=Component R41 4.7K
Added Member To Class: ClassName=GD2 Member=Component R42 4.7K
Added Member To Class: ClassName=GD2 Member=Component R43 4.7K
Added Member To Class: ClassName=GD2 Member=Component R44 4.7K
Added Member To Class: ClassName=GD2 Member=Component R45 12K
Added Member To Class: ClassName=GD2 Member=Component R46 36K
Added Member To Class: ClassName=GD2 Member=Component R47 36K
Added Member To Class: ClassName=GD2 Member=Component R48 36K
Added Member To Class: ClassName=GD2 Member=Component R49 36K
Added Member To Class: ClassName=GD2 Member=Component R50 15K
Added Member To Class: ClassName=GD2 Member=Component R51 1K
Added Member To Class: ClassName=GD2 Member=Component R52 1K
Added Member To Class: ClassName=GD2 Member=Component RGB
Added Member To Class: ClassName=GD2 Member=Component SBUS GH3P
Added Member To Class: ClassName=GD2 Member=Component SD TF_Card
Added Member To Class: ClassName=GD2 Member=Component SI1 SI2310
Added Member To Class: ClassName=GD2 Member=Component SI2 SI2310
Added Member To Class: ClassName=GD2 Member=Component SI3 SI2310
Added Member To Class: ClassName=GD2 Member=Component SI4 SI2310
Added Member To Class: ClassName=GD2 Member=Component TYPE-C USB_TYPE-C_6Pin
Added Member To Class: ClassName=GD2 Member=Component USB0 USB
Added Member To Class: ClassName=GD2 Member=Component USB1 USB
Added Member To Class: ClassName=GD2 Member=Component USB2 USB
Added Member To Class: ClassName=GD2 Member=Component USB3 USB
Added Member To Class: ClassName=GD2 Member=Component USBHUNB4 USBHUB
Added Member To Class: ClassName=GD2 Member=Component XT1 24MHZ
Added Room: Name=GD2
